#
# A fatal error has been detected by the Java Runtime Environment:
#
#  EXCEPTION_ACCESS_VIOLATION (0xc0000005) at pc=0x00007ffb9b0c5215, pid=6716, tid=2572
#
# JRE version: Java(TM) SE Runtime Environment (13.0.1+9) (build 13.0.1+9)
# Java VM: Java HotSpot(TM) 64-Bit Server VM (13.0.1+9, mixed mode, sharing, tiered, compressed oops, g1 gc, windows-amd64)
# Problematic frame:
# V  [jvm.dll+0x6b5215]
#
# No core dump will be written. Minidumps are not enabled by default on client versions of Windows
#
# If you would like to submit a bug report, please visit:
#   http://bugreport.java.com/bugreport/crash.jsp
#

---------------  S U M M A R Y ------------

Command Line: -Dcom.sun.management.jmxremote -Dcom.sun.management.jmxremote.port=60805 -Dcom.sun.management.jmxremote.authenticate=false -Dcom.sun.management.jmxremote.ssl=false -Djava.rmi.server.hostname=localhost -Dspring.jmx.enabled=true -Dspring.application.admin.enabled=true -Xverify:none -XX:TieredStopAtLevel=1 -Dspring.boot.project.name=BookstoreApi-s -Dfile.encoding=UTF-8 com.bridgelabz.bookstore.BookStoreApplication --spring.output.ansi.enabled=always

Host: Intel(R) Core(TM) i3-5005U CPU @ 2.00GHz, 4 cores, 3G,  Windows 10 , 64 bit Build 10240 (10.0.10240.17113)
Time: Mon May 11 10:13:32 2020 India Standard Time elapsed time: 1 seconds (0d 0h 0m 1s)

---------------  T H R E A D  ---------------

Current thread (0x000000a4f88e9800):  WatcherThread [stack: 0x000000a4f9b10000,0x000000a4f9c10000] [id=2572]

Stack: [0x000000a4f9b10000,0x000000a4f9c10000],  sp=0x000000a4f9c0f960,  free space=1022k
Native frames: (J=compiled Java code, j=interpreted, Vv=VM code, C=native code)
V  [jvm.dll+0x6b5215]
V  [jvm.dll+0x7047bd]
V  [jvm.dll+0x738c7f]
V  [jvm.dll+0x731c0a]
V  [jvm.dll+0x6260c6]
C  [ucrtbase.dll+0x6829d]
C  [KERNEL32.DLL+0x12d92]
C  [ntdll.dll+0x9f64]


siginfo: EXCEPTION_ACCESS_VIOLATION (0xc0000005), reading address 0xffffffffffffffff


Register to memory mapping:

RIP=0x00007ffb9b0c5215 jvm.dll
RAX=0xa48000f0e0ba4900 is an unknown value
RBX=0x0 is NULL
RCX=0x000000a4f8929d10 points into unknown readable memory: c8 57 2e 9b fb 7f 00 00
RDX=0x0000000000000032 is an unknown value
RSP=0x000000a4f9c0f960 points into unknown readable memory: fd ff ff ff 00 00 00 00
RBP=0x0000000000000002 is an unknown value
RSI=0x000000a4f88d2640 points into unknown readable memory: 07 00 00 00 08 00 00 00
RDI=0x0 is NULL
R8 =0x0000000000000031 is an unknown value
R9 =0x00000000000005b4 is an unknown value
R10=0x0000000000000020 is an unknown value
R11=0x0000000000000004 is an unknown value
R12=0x0 is NULL
R13=0x000000a4f88e9800 points into unknown readable memory: e8 af 2e 9b fb 7f 00 00
R14=0x0000000000000001 is an unknown value
R15=0x000000a4f8834eb0 points into unknown readable memory: 00 00 00 00 00 00 00 00


Registers:
RAX=0xa48000f0e0ba4900, RBX=0x0000000000000000, RCX=0x000000a4f8929d10, RDX=0x0000000000000032
RSP=0x000000a4f9c0f960, RBP=0x0000000000000002, RSI=0x000000a4f88d2640, RDI=0x0000000000000000
R8 =0x0000000000000031, R9 =0x00000000000005b4, R10=0x0000000000000020, R11=0x0000000000000004
R12=0x0000000000000000, R13=0x000000a4f88e9800, R14=0x0000000000000001, R15=0x000000a4f8834eb0
RIP=0x00007ffb9b0c5215, EFLAGS=0x0000000000010206

Top of Stack: (sp=0x000000a4f9c0f960)
0x000000a4f9c0f960:   00000000fffffffd 00007ffb9b036939
0x000000a4f9c0f970:   00007ff688806000 0000000000000000
0x000000a4f9c0f980:   00007ffb9b4be8c8 00007ffb9b1147bd
0x000000a4f9c0f990:   0000000000000001 000000a4e9044c90
0x000000a4f9c0f9a0:   000000a4f88fabf0 0000000000000000
0x000000a4f9c0f9b0:   000000a4f8834eb0 0002ea16abe395e7
0x000000a4f9c0f9c0:   0000000000000001 00007ffb9b148c7f
0x000000a4f9c0f9d0:   0000000000000001 000000a4e9044c90
0x000000a4f9c0f9e0:   0000000000000001 0000000000000002
0x000000a4f9c0f9f0:   00000200002b0000 00007ffb9b00c6c3
0x000000a4f9c0fa00:   0000000000000000 00007ffb9b0356cf
0x000000a4f9c0fa10:   0000000000000000 0000000000000000
0x000000a4f9c0fa20:   000000a4e90441e0 00007ffb9b14703f
0x000000a4f9c0fa30:   000000a4f88e9800 0000000000000000
0x000000a4f9c0fa40:   000000a4f8915490 000000a4f9c0fdc0
0x000000a4f9c0fa50:   000000a4f88e9800 00007ffb9b141c0a 

Instructions: (pc=0x00007ffb9b0c5215)
0x00007ffb9b0c5115:   3d 5f 85 34 00 00 74 6c 48 83 3d db 75 3e 00 00
0x00007ffb9b0c5125:   75 62 48 89 5c 24 20 e8 2f fb ff ff e8 0a aa f9
0x00007ffb9b0c5135:   ff 45 33 c0 48 89 05 c8 75 3e 00 41 8d 50 08 8d
0x00007ffb9b0c5145:   4a 08 e8 24 58 a0 ff 48 8b d8 48 85 c0 74 1b 48
0x00007ffb9b0c5155:   63 15 8d 86 34 00 48 8b c8 e8 ad f3 04 00 48 8d
0x00007ffb9b0c5165:   05 5e 06 22 00 48 89 03 eb 02 33 db 48 8b cb 48
0x00007ffb9b0c5175:   89 1d 85 75 3e 00 48 8b 5c 24 20 48 83 c4 28 e9
0x00007ffb9b0c5185:   07 f5 04 00 48 83 c4 28 c3 cc cc 48 89 5c 24 10
0x00007ffb9b0c5195:   56 48 83 ec 20 48 8b 01 33 db 48 8b f1 39 18 7e
0x00007ffb9b0c51a5:   2a 48 89 7c 24 30 8b fb 0f 1f 00 48 8b 40 18 48
0x00007ffb9b0c51b5:   8b 0c 07 48 8b 01 ff 50 08 48 8b 06 48 8d 7f 08
0x00007ffb9b0c51c5:   ff c3 3b 18 7c e5 48 8b 7c 24 30 48 8b 5c 24 38
0x00007ffb9b0c51d5:   48 83 c4 20 5e c3 cc cc cc cc cc e9 7b bb f6 ff
0x00007ffb9b0c51e5:   cc cc cc cc cc cc cc cc cc cc cc 48 89 5c 24 10
0x00007ffb9b0c51f5:   56 48 83 ec 20 48 8b 35 07 75 3e 00 33 db 48 8b
0x00007ffb9b0c5205:   06 39 18 7e 27 48 89 7c 24 30 8b fb 48 8b 40 18
0x00007ffb9b0c5215:   48 8b 0c 07 48 8b 01 ff 50 08 48 8b 06 48 8d 7f
0x00007ffb9b0c5225:   08 ff c3 3b 18 7c e5 48 8b 7c 24 30 48 8b 5c 24
0x00007ffb9b0c5235:   38 48 83 c4 20 5e c3 cc cc cc cc 48 85 d2 48 8d
0x00007ffb9b0c5245:   05 d6 7e 1c 00 48 89 01 4c 8d 0d 84 6f 1d 00 4c
0x00007ffb9b0c5255:   89 49 08 48 8d 41 08 48 0f 44 d1 4d 85 c0 48 89
0x00007ffb9b0c5265:   51 10 49 0f 45 c0 48 89 41 18 48 8b c1 c3 cc cc
0x00007ffb9b0c5275:   cc cc cc cc cc cc cc cc cc cc cc 40 53 48 81 ec
0x00007ffb9b0c5285:   b0 00 00 00 48 8b d9 48 8d 4c 24 20 e8 3a 02 00
0x00007ffb9b0c5295:   00 48 8d 54 24 20 48 8b cb e8 0d 0e 00 00 48 81
0x00007ffb9b0c52a5:   c4 b0 00 00 00 5b c3 cc cc cc cc 48 83 ec 28 e8
0x00007ffb9b0c52b5:   07 66 95 ff 48 83 c4 28 e9 be 0f 00 00 cc cc cc
0x00007ffb9b0c52c5:   cc cc cc cc cc cc cc cc cc cc cc 40 53 48 83 ec
0x00007ffb9b0c52d5:   20 0f b6 d9 e8 e2 00 00 00 0f b6 cb 48 83 c4 20
0x00007ffb9b0c52e5:   5b e9 b5 10 00 00 cc cc cc cc cc 48 89 5c 24 08
0x00007ffb9b0c52f5:   57 48 83 ec 20 8b da 48 8b f9 e8 ec 00 00 00 8b
0x00007ffb9b0c5305:   d3 48 8b cf 48 8b 5c 24 30 48 83 c4 20 5f e9 68 


Stack slot to memory mapping:
stack at sp + 0 slots: 
[error occurred during error reporting (inspecting top of stack), id 0xc0000005, EXCEPTION_ACCESS_VIOLATION (0xc0000005) at pc=0x00007ffb9acf874f]


---------------  P R O C E S S  ---------------

Threads class SMR info:
_java_thread_list=0x000000a4f8915700, length=12, elements={
0x000000a4e9048000, 0x000000a4f6550800, 0x000000a4f6554800, 0x000000a4f6571000,
0x000000a4f6572000, 0x000000a4f6574000, 0x000000a4f657c000, 0x000000a4f653c800,
0x000000a4f763b000, 0x000000a4f88a9800, 0x000000a4f88d1800, 0x000000a4f88ce800
}

Java Threads: ( => current thread )
  0x000000a4e9048000 JavaThread "main" [_thread_in_native, id=3980, stack(0x000000a4e8710000,0x000000a4e8810000)]
  0x000000a4f6550800 JavaThread "Reference Handler" daemon [_thread_blocked, id=14148, stack(0x000000a4f6f00000,0x000000a4f7000000)]
  0x000000a4f6554800 JavaThread "Finalizer" daemon [_thread_blocked, id=5924, stack(0x000000a4f7000000,0x000000a4f7100000)]
  0x000000a4f6571000 JavaThread "Signal Dispatcher" daemon [_thread_blocked, id=16080, stack(0x000000a4f7100000,0x000000a4f7200000)]
  0x000000a4f6572000 JavaThread "Attach Listener" daemon [_thread_blocked, id=13500, stack(0x000000a4f7200000,0x000000a4f7300000)]
  0x000000a4f6574000 JavaThread "C1 CompilerThread0" daemon [_thread_in_native, id=9504, stack(0x000000a4f7300000,0x000000a4f7400000)]
  0x000000a4f657c000 JavaThread "Sweeper thread" daemon [_thread_blocked, id=12356, stack(0x000000a4f7400000,0x000000a4f7500000)]
  0x000000a4f653c800 JavaThread "Common-Cleaner" daemon [_thread_blocked, id=9224, stack(0x000000a4f7900000,0x000000a4f7a00000)]
  0x000000a4f763b000 JavaThread "Service Thread" daemon [_thread_blocked, id=3552, stack(0x000000a4f7a00000,0x000000a4f7b00000)]
  0x000000a4f88a9800 JavaThread "RMI TCP Accept-0" daemon [_thread_in_native, id=2232, stack(0x000000a4f9710000,0x000000a4f9810000)]
  0x000000a4f88d1800 JavaThread "RMI TCP Accept-60805" daemon [_thread_in_native, id=13168, stack(0x000000a4f9910000,0x000000a4f9a10000)]
  0x000000a4f88ce800 JavaThread "RMI TCP Accept-0" daemon [_thread_in_native, id=9332, stack(0x000000a4f9a10000,0x000000a4f9b10000)]

Other Threads:
  0x000000a4f654e000 VMThread "VM Thread" [stack: 0x000000a4f6e00000,0x000000a4f6f00000] [id=18208]
=>0x000000a4f88e9800 WatcherThread [stack: 0x000000a4f9b10000,0x000000a4f9c10000] [id=2572]
  0x000000a4e9077000 GCTaskThread "GC Thread#0" [stack: 0x000000a4f3ac0000,0x000000a4f3bc0000] [id=17504]
  0x000000a4f8202800 GCTaskThread "GC Thread#1" [stack: 0x000000a4f8300000,0x000000a4f8400000] [id=3060]
  0x000000a4e9081800 ConcurrentGCThread "G1 Main Marker" [stack: 0x000000a4f3bc0000,0x000000a4f3cc0000] [id=18328]
  0x000000a4e9083800 ConcurrentGCThread "G1 Conc#0" [stack: 0x000000a4f3cc0000,0x000000a4f3dc0000] [id=4852]
  0x000000a4e90da000 ConcurrentGCThread "G1 Refine#0" [stack: 0x000000a4f6200000,0x000000a4f6300000] [id=19444]
  0x000000a4e90dc800 ConcurrentGCThread "G1 Young RemSet Sampling" [stack: 0x000000a4f6300000,0x000000a4f6400000] [id=11536]

Threads with active compile tasks:
C1 CompilerThread0     1205 1133       1       sun.util.locale.InternalLocaleBuilder::clear (31 bytes)

VM state:not at safepoint (normal execution)

VM Mutex/Monitor currently owned by a thread:  ([mutex/lock_event])
[0x000000a4e9044c90] PeriodicTask_lock - owner thread: 0x000000a4f88e9800

Heap address: 0x00000000c1200000, size: 1006 MB, Compressed Oops mode: 32-bit
Narrow klass base: 0x0000000800000000, Narrow klass shift: 3
Compressed class space size: 1073741824 Address: 0x0000000800b40000

Heap:
 garbage-first heap   total 65536K, used 29678K [0x00000000c1200000, 0x0000000100000000)
  region size 1024K, 11 young (11264K), 2 survivors (2048K)
 Metaspace       used 5161K, capacity 5570K, committed 5632K, reserved 1056768K
  class space    used 642K, capacity 744K, committed 768K, reserved 1048576K
Heap Regions: E=young(eden), S=young(survivor), O=old, HS=humongous(starts), HC=humongous(continues), CS=collection set, F=free, A=archive, TAMS=top-at-mark-start (previous, next)
|   0|0x00000000c1200000, 0x00000000c1300000, 0x00000000c1300000|100%|HS|  |TAMS 0x00000000c1200000, 0x00000000c1200000| Complete 
|   1|0x00000000c1300000, 0x00000000c1400000, 0x00000000c1400000|100%|HS|  |TAMS 0x00000000c1300000, 0x00000000c1300000| Complete 
|   2|0x00000000c1400000, 0x00000000c1500000, 0x00000000c1500000|100%| O|  |TAMS 0x00000000c1400000, 0x00000000c1400000| Untracked 
|   3|0x00000000c1500000, 0x00000000c1600000, 0x00000000c1600000|100%| O|  |TAMS 0x00000000c1500000, 0x00000000c1500000| Untracked 
|   4|0x00000000c1600000, 0x00000000c1700000, 0x00000000c1700000|100%| O|  |TAMS 0x00000000c1600000, 0x00000000c1600000| Untracked 
|   5|0x00000000c1700000, 0x00000000c1800000, 0x00000000c1800000|100%| O|  |TAMS 0x00000000c1700000, 0x00000000c1700000| Untracked 
|   6|0x00000000c1800000, 0x00000000c1900000, 0x00000000c1900000|100%| O|  |TAMS 0x00000000c1800000, 0x00000000c1800000| Untracked 
|   7|0x00000000c1900000, 0x00000000c1a00000, 0x00000000c1a00000|100%| O|  |TAMS 0x00000000c1900000, 0x00000000c1900000| Untracked 
|   8|0x00000000c1a00000, 0x00000000c1b00000, 0x00000000c1b00000|100%| O|  |TAMS 0x00000000c1a00000, 0x00000000c1a00000| Untracked 
|   9|0x00000000c1b00000, 0x00000000c1c00000, 0x00000000c1c00000|100%| O|  |TAMS 0x00000000c1b00000, 0x00000000c1b00000| Untracked 
|  10|0x00000000c1c00000, 0x00000000c1d00000, 0x00000000c1d00000|100%| O|  |TAMS 0x00000000c1c00000, 0x00000000c1c00000| Untracked 
|  11|0x00000000c1d00000, 0x00000000c1e00000, 0x00000000c1e00000|100%|HS|  |TAMS 0x00000000c1d00000, 0x00000000c1d00000| Complete 
|  12|0x00000000c1e00000, 0x00000000c1f00000, 0x00000000c1f00000|100%| O|  |TAMS 0x00000000c1e00000, 0x00000000c1e00000| Untracked 
|  13|0x00000000c1f00000, 0x00000000c2000000, 0x00000000c2000000|100%| O|  |TAMS 0x00000000c1f00000, 0x00000000c1f00000| Untracked 
|  14|0x00000000c2000000, 0x00000000c2100000, 0x00000000c2100000|100%| O|  |TAMS 0x00000000c2000000, 0x00000000c2000000| Untracked 
|  15|0x00000000c2100000, 0x00000000c2200000, 0x00000000c2200000|100%| O|  |TAMS 0x00000000c2100000, 0x00000000c2100000| Untracked 
|  16|0x00000000c2200000, 0x00000000c2300000, 0x00000000c2300000|100%| O|  |TAMS 0x00000000c2200000, 0x00000000c2200000| Untracked 
|  17|0x00000000c2300000, 0x00000000c2400000, 0x00000000c2400000|100%| O|  |TAMS 0x00000000c2300000, 0x00000000c2300000| Untracked 
|  18|0x00000000c2400000, 0x00000000c24fb800, 0x00000000c2500000| 98%| O|  |TAMS 0x00000000c2400000, 0x00000000c2400000| Untracked 
|  19|0x00000000c2500000, 0x00000000c2500000, 0x00000000c2600000|  0%| F|  |TAMS 0x00000000c2500000, 0x00000000c2500000| Untracked 
|  20|0x00000000c2600000, 0x00000000c2600000, 0x00000000c2700000|  0%| F|  |TAMS 0x00000000c2600000, 0x00000000c2600000| Untracked 
|  21|0x00000000c2700000, 0x00000000c2700000, 0x00000000c2800000|  0%| F|  |TAMS 0x00000000c2700000, 0x00000000c2700000| Untracked 
|  22|0x00000000c2800000, 0x00000000c2800000, 0x00000000c2900000|  0%| F|  |TAMS 0x00000000c2800000, 0x00000000c2800000| Untracked 
|  23|0x00000000c2900000, 0x00000000c2900000, 0x00000000c2a00000|  0%| F|  |TAMS 0x00000000c2900000, 0x00000000c2900000| Untracked 
|  24|0x00000000c2a00000, 0x00000000c2a00000, 0x00000000c2b00000|  0%| F|  |TAMS 0x00000000c2a00000, 0x00000000c2a00000| Untracked 
|  25|0x00000000c2b00000, 0x00000000c2b00000, 0x00000000c2c00000|  0%| F|  |TAMS 0x00000000c2b00000, 0x00000000c2b00000| Untracked 
|  26|0x00000000c2c00000, 0x00000000c2c00000, 0x00000000c2d00000|  0%| F|  |TAMS 0x00000000c2c00000, 0x00000000c2c00000| Untracked 
|  27|0x00000000c2d00000, 0x00000000c2d00000, 0x00000000c2e00000|  0%| F|  |TAMS 0x00000000c2d00000, 0x00000000c2d00000| Untracked 
|  28|0x00000000c2e00000, 0x00000000c2e00000, 0x00000000c2f00000|  0%| F|  |TAMS 0x00000000c2e00000, 0x00000000c2e00000| Untracked 
|  29|0x00000000c2f00000, 0x00000000c2f00000, 0x00000000c3000000|  0%| F|  |TAMS 0x00000000c2f00000, 0x00000000c2f00000| Untracked 
|  30|0x00000000c3000000, 0x00000000c3000000, 0x00000000c3100000|  0%| F|  |TAMS 0x00000000c3000000, 0x00000000c3000000| Untracked 
|  31|0x00000000c3100000, 0x00000000c3100000, 0x00000000c3200000|  0%| F|  |TAMS 0x00000000c3100000, 0x00000000c3100000| Untracked 
|  32|0x00000000c3200000, 0x00000000c3200000, 0x00000000c3300000|  0%| F|  |TAMS 0x00000000c3200000, 0x00000000c3200000| Untracked 
|  33|0x00000000c3300000, 0x00000000c3300000, 0x00000000c3400000|  0%| F|  |TAMS 0x00000000c3300000, 0x00000000c3300000| Untracked 
|  34|0x00000000c3400000, 0x00000000c3400000, 0x00000000c3500000|  0%| F|  |TAMS 0x00000000c3400000, 0x00000000c3400000| Untracked 
|  35|0x00000000c3500000, 0x00000000c3500000, 0x00000000c3600000|  0%| F|  |TAMS 0x00000000c3500000, 0x00000000c3500000| Untracked 
|  36|0x00000000c3600000, 0x00000000c3600000, 0x00000000c3700000|  0%| F|  |TAMS 0x00000000c3600000, 0x00000000c3600000| Untracked 
|  37|0x00000000c3700000, 0x00000000c3700000, 0x00000000c3800000|  0%| F|  |TAMS 0x00000000c3700000, 0x00000000c3700000| Untracked 
|  38|0x00000000c3800000, 0x00000000c3800000, 0x00000000c3900000|  0%| F|  |TAMS 0x00000000c3800000, 0x00000000c3800000| Untracked 
|  39|0x00000000c3900000, 0x00000000c3900000, 0x00000000c3a00000|  0%| F|  |TAMS 0x00000000c3900000, 0x00000000c3900000| Untracked 
|  40|0x00000000c3a00000, 0x00000000c3a00000, 0x00000000c3b00000|  0%| F|  |TAMS 0x00000000c3a00000, 0x00000000c3a00000| Untracked 
|  41|0x00000000c3b00000, 0x00000000c3b00000, 0x00000000c3c00000|  0%| F|  |TAMS 0x00000000c3b00000, 0x00000000c3b00000| Untracked 
|  42|0x00000000c3c00000, 0x00000000c3c00000, 0x00000000c3d00000|  0%| F|  |TAMS 0x00000000c3c00000, 0x00000000c3c00000| Untracked 
|  43|0x00000000c3d00000, 0x00000000c3d00000, 0x00000000c3e00000|  0%| F|  |TAMS 0x00000000c3d00000, 0x00000000c3d00000| Untracked 
|  44|0x00000000c3e00000, 0x00000000c3e00000, 0x00000000c3f00000|  0%| F|  |TAMS 0x00000000c3e00000, 0x00000000c3e00000| Untracked 
|  45|0x00000000c3f00000, 0x00000000c3f00000, 0x00000000c4000000|  0%| F|  |TAMS 0x00000000c3f00000, 0x00000000c3f00000| Untracked 
|  46|0x00000000c4000000, 0x00000000c4000000, 0x00000000c4100000|  0%| F|  |TAMS 0x00000000c4000000, 0x00000000c4000000| Untracked 
|  47|0x00000000c4100000, 0x00000000c4100000, 0x00000000c4200000|  0%| F|  |TAMS 0x00000000c4100000, 0x00000000c4100000| Untracked 
|  48|0x00000000c4200000, 0x00000000c4200000, 0x00000000c4300000|  0%| F|  |TAMS 0x00000000c4200000, 0x00000000c4200000| Untracked 
|  49|0x00000000c4300000, 0x00000000c4300000, 0x00000000c4400000|  0%| F|  |TAMS 0x00000000c4300000, 0x00000000c4300000| Untracked 
|  50|0x00000000c4400000, 0x00000000c4400000, 0x00000000c4500000|  0%| F|  |TAMS 0x00000000c4400000, 0x00000000c4400000| Untracked 
|  51|0x00000000c4500000, 0x00000000c4500000, 0x00000000c4600000|  0%| F|  |TAMS 0x00000000c4500000, 0x00000000c4500000| Untracked 
|  52|0x00000000c4600000, 0x00000000c4600000, 0x00000000c4700000|  0%| F|  |TAMS 0x00000000c4600000, 0x00000000c4600000| Untracked 
|  53|0x00000000c4700000, 0x00000000c47a97f0, 0x00000000c4800000| 66%| E|  |TAMS 0x00000000c4700000, 0x00000000c4700000| Complete 
|  54|0x00000000c4800000, 0x00000000c4900000, 0x00000000c4900000|100%| S|CS|TAMS 0x00000000c4800000, 0x00000000c4800000| Complete 
|  55|0x00000000c4900000, 0x00000000c4a00000, 0x00000000c4a00000|100%| S|CS|TAMS 0x00000000c4900000, 0x00000000c4900000| Complete 
|  56|0x00000000c4a00000, 0x00000000c4b00000, 0x00000000c4b00000|100%| E|CS|TAMS 0x00000000c4a00000, 0x00000000c4a00000| Complete 
|  57|0x00000000c4b00000, 0x00000000c4c00000, 0x00000000c4c00000|100%| E|CS|TAMS 0x00000000c4b00000, 0x00000000c4b00000| Complete 
|  58|0x00000000c4c00000, 0x00000000c4d00000, 0x00000000c4d00000|100%| E|CS|TAMS 0x00000000c4c00000, 0x00000000c4c00000| Complete 
|  59|0x00000000c4d00000, 0x00000000c4e00000, 0x00000000c4e00000|100%| E|CS|TAMS 0x00000000c4d00000, 0x00000000c4d00000| Complete 
|  60|0x00000000c4e00000, 0x00000000c4f00000, 0x00000000c4f00000|100%| E|CS|TAMS 0x00000000c4e00000, 0x00000000c4e00000| Complete 
|  61|0x00000000c4f00000, 0x00000000c5000000, 0x00000000c5000000|100%| E|CS|TAMS 0x00000000c4f00000, 0x00000000c4f00000| Complete 
|  62|0x00000000c5000000, 0x00000000c5100000, 0x00000000c5100000|100%| E|CS|TAMS 0x00000000c5000000, 0x00000000c5000000| Complete 
|  63|0x00000000c5100000, 0x00000000c5200000, 0x00000000c5200000|100%| E|CS|TAMS 0x00000000c5100000, 0x00000000c5100000| Complete 

Card table byte_map: [0x000000a4f1740000,0x000000a4f1940000] _byte_map_base: 0x000000a4f1137000

Marking Bits (Prev, Next): (CMBitMap*) 0x000000a4e9077d68, (CMBitMap*) 0x000000a4e9077da8
 Prev Bits: [0x000000a4f1b40000, 0x000000a4f2af8000)
 Next Bits: [0x000000a4f2b00000, 0x000000a4f3ab8000)

Polling page: 0x000000a4e6f30000

Metaspace:

Usage:
  Non-class:      4.71 MB capacity,     4.43 MB ( 94%) used,   271.83 KB (  6%) free+waste,    16.63 KB ( <1%) overhead. 
      Class:    744.00 KB capacity,   643.98 KB ( 87%) used,    89.71 KB ( 12%) free+waste,    10.31 KB (  1%) overhead. 
       Both:      5.44 MB capacity,     5.06 MB ( 93%) used,   361.54 KB (  6%) free+waste,    26.94 KB ( <1%) overhead. 

Virtual space:
  Non-class space:        8.00 MB reserved,       4.75 MB ( 59%) committed 
      Class space:        1.00 GB reserved,     768.00 KB ( <1%) committed 
             Both:        1.01 GB reserved,       5.50 MB ( <1%) committed 

Chunk freelists:
   Non-Class:  38.00 KB
       Class:  24.00 KB
        Both:  62.00 KB

MaxMetaspaceSize: 17179869184.00 GB
CompressedClassSpaceSize: 1.00 GB

CodeHeap 'non-profiled nmethods': size=238912Kb used=1735Kb max_used=1735Kb free=237177Kb
 bounds [0x000000a4806b0000, 0x000000a480920000, 0x000000a48f000000]
CodeHeap 'non-nmethods': size=6848Kb used=1185Kb max_used=1185Kb free=5662Kb
 bounds [0x000000a480000000, 0x000000a480270000, 0x000000a4806b0000]
 total_blobs=1856 nmethods=1143 adapters=367
 compilation: enabled
              stopped_count=0, restarted_count=0
 full_count=0

Compilation events (20 events):
Event: 1.156 Thread 0x000000a4f6574000 1042       1       jdk.internal.loader.BuiltinClassLoader::moduleReaderFor (45 bytes)
Event: 1.156 Thread 0x000000a4f6574000 nmethod 1042 0x000000a480831390 code [0x000000a480831560, 0x000000a480831900]
Event: 1.156 Thread 0x000000a4f6574000 1043       1       jdk.internal.module.SystemModuleFinders$SystemModuleReader::findImageLocation (42 bytes)
Event: 1.157 Thread 0x000000a4f6574000 nmethod 1043 0x000000a480831a10 code [0x000000a480831c00, 0x000000a480832020]
Event: 1.157 Thread 0x000000a4f6574000 1044       1       jdk.internal.jimage.ImageReader::findLocation (14 bytes)
Event: 1.157 Thread 0x000000a4f6574000 nmethod 1044 0x000000a480832210 code [0x000000a4808323c0, 0x000000a480832600]
Event: 1.157 Thread 0x000000a4f6574000 1045       1       jdk.internal.module.SystemModuleFinders$SystemModuleReader::find (54 bytes)
Event: 1.157 Thread 0x000000a4f6574000 nmethod 1045 0x000000a480832710 code [0x000000a480832960, 0x000000a4808330e0]
Event: 1.157 Thread 0x000000a4f6574000 1055  s    1       jdk.internal.jimage.BasicImageReader::findLocation (115 bytes)
Event: 1.158 Thread 0x000000a4f6574000 nmethod 1055 0x000000a480833490 code [0x000000a480833740, 0x000000a4808341e0]
Event: 1.158 Thread 0x000000a4f6574000 1056       1       jdk.internal.jimage.ImageStringsReader::hashCode (8 bytes)
Event: 1.158 Thread 0x000000a4f6574000 nmethod 1056 0x000000a480834610 code [0x000000a4808347e0, 0x000000a480834980]
Event: 1.158 Thread 0x000000a4f6574000 1053       1       java.security.CodeSource::getLocationNoFragString (5 bytes)
Event: 1.158 Thread 0x000000a4f6574000 nmethod 1053 0x000000a480834a90 code [0x000000a480834c20, 0x000000a480834d58]
Event: 1.158 Thread 0x000000a4f6574000 1054       1       java.security.CodeSource::getLocation (5 bytes)
Event: 1.158 Thread 0x000000a4f6574000 nmethod 1054 0x000000a480834e10 code [0x000000a480834fa0, 0x000000a4808350d8]
Event: 1.161 Thread 0x000000a4f6574000 1057       1       sun.net.www.ParseUtil::firstEncodeIndex (86 bytes)
Event: 1.161 Thread 0x000000a4f6574000 nmethod 1057 0x000000a480835190 code [0x000000a480835360, 0x000000a4808356d0]
Event: 1.162 Thread 0x000000a4f6574000 1058       1       java.util.WeakHashMap::remove (133 bytes)
Event: 1.163 Thread 0x000000a4f6574000 nmethod 1058 0x000000a480835910 code [0x000000a480835b00, 0x000000a480835fb0]

GC Heap History (4 events):
Event: 0.642 GC heap before
{Heap before GC invocations=0 (full 0):
 garbage-first heap   total 65536K, used 15360K [0x00000000c1200000, 0x0000000100000000)
  region size 1024K, 14 young (14336K), 0 survivors (0K)
 Metaspace       used 515K, capacity 4518K, committed 4864K, reserved 1056768K
  class space    used 47K, capacity 399K, committed 512K, reserved 1048576K
}
Event: 0.652 GC heap after
{Heap after GC invocations=1 (full 0):
 garbage-first heap   total 65536K, used 13224K [0x00000000c1200000, 0x0000000100000000)
  region size 1024K, 2 young (2048K), 2 survivors (2048K)
 Metaspace       used 515K, capacity 4518K, committed 4864K, reserved 1056768K
  class space    used 47K, capacity 399K, committed 512K, reserved 1048576K
}
Event: 0.724 GC heap before
{Heap before GC invocations=1 (full 0):
 garbage-first heap   total 65536K, used 21416K [0x00000000c1200000, 0x0000000100000000)
  region size 1024K, 10 young (10240K), 2 survivors (2048K)
 Metaspace       used 515K, capacity 4518K, committed 4864K, reserved 1056768K
  class space    used 47K, capacity 399K, committed 512K, reserved 1048576K
}
Event: 0.730 GC heap after
{Heap after GC invocations=2 (full 0):
 garbage-first heap   total 65536K, used 21486K [0x00000000c1200000, 0x0000000100000000)
  region size 1024K, 2 young (2048K), 2 survivors (2048K)
 Metaspace       used 515K, capacity 4518K, committed 4864K, reserved 1056768K
  class space    used 47K, capacity 399K, committed 512K, reserved 1048576K
}

Deoptimization events (0 events):
No events

Classes unloaded (0 events):
No events

Classes redefined (0 events):
No events

Internal exceptions (10 events):
Event: 0.757 Thread 0x000000a4e9048000 Exception <a 'java/lang/NoSuchMethodError'{0x00000000c5192578}: 'java.lang.Object java.lang.invoke.DirectMethodHandle$Holder.invokeStaticInit(java.lang.Object, java.lang.Object, java.lang.Object)'> (0x00000000c5192578) 
thrown [t:/workspace/open/src/hotspot/share/interpreter/linkResolver.cpp, line 767]
Event: 0.762 Thread 0x000000a4e9048000 Exception <a 'java/lang/NoSuchMethodError'{0x00000000c51bddd8}: 'int java.lang.invoke.DirectMethodHandle$Holder.invokeInterface(java.lang.Object, java.lang.Object)'> (0x00000000c51bddd8) 
thrown [t:/workspace/open/src/hotspot/share/interpreter/linkResolver.cpp, line 767]
Event: 0.762 Thread 0x000000a4e9048000 Exception <a 'java/lang/IncompatibleClassChangeError'{0x00000000c51c08e0}: Found class java.lang.Object, but interface was expected> (0x00000000c51c08e0) 
thrown [t:/workspace/open/src/hotspot/share/interpreter/linkResolver.cpp, line 833]
Event: 0.884 Thread 0x000000a4e9048000 Exception <a 'java/lang/NoSuchMethodError'{0x00000000c4f8c308}: 'int java.lang.invoke.DirectMethodHandle$Holder.invokeSpecialIFC(java.lang.Object, java.lang.Object, java.lang.Object)'> (0x00000000c4f8c308) 
thrown [t:/workspace/open/src/hotspot/share/interpreter/linkResolver.cpp, line 767]
Event: 0.906 Thread 0x000000a4e9048000 Exception <a 'java/lang/NoSuchMethodError'{0x00000000c4ff29c0}: 'java.lang.Object java.lang.invoke.DirectMethodHandle$Holder.invokeStaticInit(java.lang.Object, int, int, int, int)'> (0x00000000c4ff29c0) 
thrown [t:/workspace/open/src/hotspot/share/interpreter/linkResolver.cpp, line 767]
Event: 1.046 Thread 0x000000a4e9048000 Exception <a 'java/lang/NoSuchMethodError'{0x00000000c4ebd1f8}: 'java.lang.Object java.lang.invoke.DirectMethodHandle$Holder.invokeStaticInit(java.lang.Object, java.lang.Object, int, int, int, int)'> (0x00000000c4ebd1f8) 
thrown [t:/workspace/open/src/hotspot/share/interpreter/linkResolver.cpp, line 767]
Event: 1.057 Thread 0x000000a4e9048000 Exception <a 'java/lang/ClassNotFoundException'{0x00000000c4ed6de0}: javax/management/remote/rmi/RMIServerImpl_Skel> (0x00000000c4ed6de0) 
thrown [t:/workspace/open/src/hotspot/share/classfile/systemDictionary.cpp, line 232]
Event: 1.098 Thread 0x000000a4e9048000 Exception <a 'java/lang/ClassNotFoundException'{0x00000000c4db5b60}: jdk/internal/agent/resources/spi/agentProvider> (0x00000000c4db5b60) 
thrown [t:/workspace/open/src/hotspot/share/classfile/systemDictionary.cpp, line 232]
Event: 1.144 Thread 0x000000a4e9048000 Exception <a 'java/lang/ClassNotFoundException'{0x00000000c4bcad70}: javax/smartcardio/CardPermission> (0x00000000c4bcad70) 
thrown [t:/workspace/open/src/hotspot/share/classfile/systemDictionary.cpp, line 232]
Event: 1.148 Thread 0x000000a4e9048000 Exception <a 'java/io/FileNotFoundException'{0x00000000c4bd92b0}> (0x00000000c4bd92b0) 
thrown [t:/workspace/open/src/hotspot/share/prims/jni.cpp, line 598]

Events (20 events):
Event: 1.160 loading class ch/qos/logback/core/spi/FilterAttachableImpl
Event: 1.160 loading class ch/qos/logback/core/spi/FilterAttachableImpl done
Event: 1.160 loading class ch/qos/logback/core/util/COWArrayList
Event: 1.160 loading class ch/qos/logback/core/util/COWArrayList done
Event: 1.160 loading class ch/qos/logback/core/filter/Filter
Event: 1.160 loading class ch/qos/logback/core/filter/Filter done
Event: 1.161 loading class java/util/concurrent/atomic/AtomicBoolean
Event: 1.161 loading class java/util/concurrent/atomic/AtomicBoolean done
Event: 1.161 loading class ch/qos/logback/core/joran/spi/ConsoleTarget
Event: 1.161 loading class ch/qos/logback/core/joran/spi/ConsoleTarget done
Event: 1.161 loading class ch/qos/logback/core/joran/spi/ConsoleTarget$1
Event: 1.161 loading class ch/qos/logback/core/joran/spi/ConsoleTarget$1 done
Event: 1.162 loading class ch/qos/logback/core/joran/spi/ConsoleTarget$2
Event: 1.162 loading class ch/qos/logback/core/joran/spi/ConsoleTarget$2 done
Event: 1.162 loading class ch/qos/logback/core/encoder/LayoutWrappingEncoder
Event: 1.162 loading class ch/qos/logback/core/encoder/LayoutWrappingEncoder done
Event: 1.162 loading class ch/qos/logback/core/encoder/EncoderBase
Event: 1.162 loading class ch/qos/logback/core/encoder/EncoderBase done
Event: 1.163 loading class ch/qos/logback/core/encoder/Encoder
Event: 1.163 loading class ch/qos/logback/core/encoder/Encoder done


Dynamic libraries:
0x00007ff689050000 - 0x00007ff68905f000 	C:\Program Files\Java\jdk-13.0.1\bin\javaw.exe
0x00007ffbc96d0000 - 0x00007ffbc9892000 	C:\Windows\SYSTEM32\ntdll.dll
0x00007ffbc8dc0000 - 0x00007ffbc8e6d000 	C:\Windows\system32\KERNEL32.DLL
0x00007ffbc6af0000 - 0x00007ffbc6ccd000 	C:\Windows\system32\KERNELBASE.dll
0x00007ffbb7660000 - 0x00007ffbb7678000 	C:\Program Files\Java\jdk-13.0.1\bin\jli.dll
0x00007ffbb7430000 - 0x00007ffbb7445000 	C:\Program Files\Java\jdk-13.0.1\bin\VCRUNTIME140.dll
0x00007ffbc8900000 - 0x00007ffbc89a6000 	C:\Windows\system32\ADVAPI32.dll
0x00007ffbbab90000 - 0x00007ffbbac82000 	C:\Windows\SYSTEM32\ucrtbase.dll
0x00007ffbc8ed0000 - 0x00007ffbc8f6d000 	C:\Windows\system32\msvcrt.dll
0x00007ffbc8840000 - 0x00007ffbc889b000 	C:\Windows\system32\sechost.dll
0x00007ffbc7080000 - 0x00007ffbc71a6000 	C:\Windows\system32\RPCRT4.dll
0x00007ffbc6da0000 - 0x00007ffbc6eee000 	C:\Windows\system32\USER32.dll
0x00007ffbc8a80000 - 0x00007ffbc8c03000 	C:\Windows\system32\GDI32.dll
0x00007ffbbcd30000 - 0x00007ffbbcfa4000 	C:\Windows\WinSxS\amd64_microsoft.windows.common-controls_6595b64144ccf1df_6.0.10240.17184_none_f41d7a705752bce6\COMCTL32.dll
0x00007ffbbebe0000 - 0x00007ffbbebea000 	C:\Windows\SYSTEM32\VERSION.dll
0x00007ffbc7040000 - 0x00007ffbc7076000 	C:\Windows\system32\IMM32.DLL
0x00007ffbc86e0000 - 0x00007ffbc883c000 	C:\Windows\system32\MSCTF.dll
0x00007ffbaf5b0000 - 0x00007ffbaf64b000 	C:\Program Files\Java\jdk-13.0.1\bin\msvcp140.dll
0x00007ffb9aa10000 - 0x00007ffb9b576000 	C:\Program Files\Java\jdk-13.0.1\bin\server\jvm.dll
0x00007ffbc6d90000 - 0x00007ffbc6d98000 	C:\Windows\system32\PSAPI.DLL
0x00007ffbc4760000 - 0x00007ffbc4783000 	C:\Windows\SYSTEM32\WINMM.dll
0x00007ffbc3cc0000 - 0x00007ffbc3cc9000 	C:\Windows\SYSTEM32\WSOCK32.dll
0x00007ffbc91a0000 - 0x00007ffbc9209000 	C:\Windows\system32\WS2_32.dll
0x00007ffbc9280000 - 0x00007ffbc9288000 	C:\Windows\system32\NSI.dll
0x000000a4e6f00000 - 0x000000a4e6f2c000 	C:\Windows\SYSTEM32\WINMMBASE.dll
0x00007ffbc69f0000 - 0x00007ffbc6a34000 	C:\Windows\system32\cfgmgr32.dll
0x00007ffbc4a90000 - 0x00007ffbc4ab7000 	C:\Windows\SYSTEM32\DEVOBJ.dll
0x00007ffbc6130000 - 0x00007ffbc613f000 	C:\Windows\system32\kernel.appcore.dll
0x00007ffbc0860000 - 0x00007ffbc0870000 	C:\Program Files\Java\jdk-13.0.1\bin\verify.dll
0x00007ffbc3350000 - 0x00007ffbc34da000 	C:\Windows\SYSTEM32\DBGHELP.DLL
0x00007ffbbebb0000 - 0x00007ffbbebd5000 	C:\Windows\SYSTEM32\dbgcore.DLL
0x00007ffbab4b0000 - 0x00007ffbab4d6000 	C:\Program Files\Java\jdk-13.0.1\bin\java.dll
0x00007ffbb1ee0000 - 0x00007ffbb1ef7000 	C:\Program Files\Java\jdk-13.0.1\bin\zip.dll
0x00007ffbbc070000 - 0x00007ffbbc07a000 	C:\Program Files\Java\jdk-13.0.1\bin\jimage.dll
0x00007ffbc71b0000 - 0x00007ffbc86d3000 	C:\Windows\system32\SHELL32.dll
0x00007ffbc6190000 - 0x00007ffbc67b9000 	C:\Windows\system32\windows.storage.dll
0x00007ffbc9450000 - 0x00007ffbc96cc000 	C:\Windows\system32\combase.dll
0x00007ffbc88a0000 - 0x00007ffbc88f1000 	C:\Windows\system32\shlwapi.dll
0x00007ffbc6cd0000 - 0x00007ffbc6d83000 	C:\Windows\system32\shcore.dll
0x00007ffbc6140000 - 0x00007ffbc618a000 	C:\Windows\system32\powrprof.dll
0x00007ffbc60f0000 - 0x00007ffbc6103000 	C:\Windows\system32\profapi.dll
0x00007ffbb2130000 - 0x00007ffbb2149000 	C:\Program Files\Java\jdk-13.0.1\bin\net.dll
0x00007ffbbe410000 - 0x00007ffbbe4e6000 	C:\Windows\SYSTEM32\WINHTTP.dll
0x00007ffbc5950000 - 0x00007ffbc59ad000 	C:\Windows\system32\mswsock.dll
0x00007ffbb2110000 - 0x00007ffbb2123000 	C:\Program Files\Java\jdk-13.0.1\bin\nio.dll
0x00007ffbb5930000 - 0x00007ffbb5939000 	C:\Program Files\Java\jdk-13.0.1\bin\management.dll
0x00007ffbb5140000 - 0x00007ffbb514b000 	C:\Program Files\Java\jdk-13.0.1\bin\management_ext.dll
0x00007ffbb7b50000 - 0x00007ffbb7b65000 	C:\Windows\system32\napinsp.dll
0x00007ffbb7b30000 - 0x00007ffbb7b4a000 	C:\Windows\system32\pnrpnsp.dll
0x00007ffbc4000000 - 0x00007ffbc4018000 	C:\Windows\system32\NLAapi.dll
0x00007ffbc5710000 - 0x00007ffbc57b8000 	C:\Windows\SYSTEM32\DNSAPI.dll
0x00007ffbb7d20000 - 0x00007ffbb7d2d000 	C:\Windows\System32\winrnr.dll
0x00007ffbb7b70000 - 0x00007ffbb7b85000 	C:\Windows\system32\wshbth.dll
0x00007ffbbc3f0000 - 0x00007ffbbc3fa000 	C:\Windows\System32\rasadhlp.dll
0x00007ffbbd9e0000 - 0x00007ffbbda18000 	C:\Windows\SYSTEM32\IPHLPAPI.DLL
0x00007ffbbe380000 - 0x00007ffbbe38b000 	C:\Windows\SYSTEM32\WINNSI.DLL
0x00007ffbbd1e0000 - 0x00007ffbbd248000 	C:\Windows\System32\fwpuclnt.dll
0x00007ffbc5c30000 - 0x00007ffbc5c58000 	C:\Windows\SYSTEM32\bcrypt.dll
0x00007ffbc59b0000 - 0x00007ffbc59c7000 	C:\Windows\SYSTEM32\CRYPTSP.dll
0x00007ffbc5600000 - 0x00007ffbc5633000 	C:\Windows\system32\rsaenh.dll
0x00007ffbc56f0000 - 0x00007ffbc570f000 	C:\Windows\SYSTEM32\USERENV.dll
0x00007ffbc5f40000 - 0x00007ffbc5fab000 	C:\Windows\system32\bcryptprimitives.dll
0x00007ffbc5b30000 - 0x00007ffbc5b3b000 	C:\Windows\SYSTEM32\CRYPTBASE.dll
0x00007ffbbd1b0000 - 0x00007ffbbd1c6000 	C:\Windows\SYSTEM32\dhcpcsvc6.DLL
0x00007ffbbd640000 - 0x00007ffbbd65a000 	C:\Windows\SYSTEM32\dhcpcsvc.DLL

dbghelp: loaded successfully - version: 4.0.5 - missing functions: none
symbol engine: initialized successfully - sym options: 0x614 - pdb path: .;C:\Program Files\Java\jdk-13.0.1\bin;C:\Windows\SYSTEM32;C:\Windows\WinSxS\amd64_microsoft.windows.common-controls_6595b64144ccf1df_6.0.10240.17184_none_f41d7a705752bce6;C:\Program Files\Java\jdk-13.0.1\bin\server

VM Arguments:
jvm_args: -Dcom.sun.management.jmxremote -Dcom.sun.management.jmxremote.port=60805 -Dcom.sun.management.jmxremote.authenticate=false -Dcom.sun.management.jmxremote.ssl=false -Djava.rmi.server.hostname=localhost -Dspring.jmx.enabled=true -Dspring.application.admin.enabled=true -Xverify:none -XX:TieredStopAtLevel=1 -Dspring.boot.project.name=BookstoreApi-s -Dfile.encoding=UTF-8 
java_command: com.bridgelabz.bookstore.BookStoreApplication --spring.output.ansi.enabled=always
java_class_path (initial): E:\TeamTask\BookstoreApi-s\target\classes;C:\Users\Hello\.m2\repository\org\springframework\boot\spring-boot-starter-web\2.2.6.RELEASE\spring-boot-starter-web-2.2.6.RELEASE.jar;C:\Users\Hello\.m2\repository\org\springframework\boot\spring-boot-starter\2.2.6.RELEASE\spring-boot-starter-2.2.6.RELEASE.jar;C:\Users\Hello\.m2\repository\org\springframework\boot\spring-boot\2.2.6.RELEASE\spring-boot-2.2.6.RELEASE.jar;C:\Users\Hello\.m2\repository\org\springframework\boot\spring-boot-autoconfigure\2.2.6.RELEASE\spring-boot-autoconfigure-2.2.6.RELEASE.jar;C:\Users\Hello\.m2\repository\org\springframework\boot\spring-boot-starter-logging\2.2.6.RELEASE\spring-boot-starter-logging-2.2.6.RELEASE.jar;C:\Users\Hello\.m2\repository\ch\qos\logback\logback-classic\1.2.3\logback-classic-1.2.3.jar;C:\Users\Hello\.m2\repository\ch\qos\logback\logback-core\1.2.3\logback-core-1.2.3.jar;C:\Users\Hello\.m2\repository\org\apache\logging\log4j\log4j-to-slf4j\2.12.1\log4j-to-slf4j-2.12.1.jar;C:\Users\Hello\.m2\repository\org\slf4j\jul-to-slf4j\1.7.30\jul-to-slf4j-1.7.30.jar;C:\Users\Hello\.m2\repository\jakarta\annotation\jakarta.annotation-api\1.3.5\jakarta.annotation-api-1.3.5.jar;C:\Users\Hello\.m2\repository\org\yaml\snakeyaml\1.25\snakeyaml-1.25.jar;C:\Users\Hello\.m2\repository\org\springframework\boot\spring-boot-starter-json\2.2.6.RELEASE\spring-boot-starter-json-2.2.6.RELEASE.jar;C:\Users\Hello\.m2\repository\com\fasterxml\jackson\datatype\jackson-datatype-jdk8\2.10.3\jackson-datatype-jdk8-2.10.3.jar;C:\Users\Hello\.m2\repository\com\fasterxml\jackson\datatype\jackson-datatype-jsr310\2.10.3\jackson-datatype-jsr310-2.10.3.jar;C:\Users\Hello\.m2\repository\com\fasterxml\jackson\module\jackson-module-parameter-names\2.10.3\jackson-module-parameter-names-2.10.3.jar;C:\Users\Hello\.m2\repository\org\springframework\boot\spring-boot-starter-tomcat\2.2.6.RELEASE\spring-boot-starter-tomcat-2.2.6.RELEASE.jar;C:\Users\Hello\.m2\repository\org\apache\tomcat\embed\to
Launcher Type: SUN_STANDARD

[Global flags]
     intx CICompilerCount                          = 3                                         {product} {ergonomic}
     uint ConcGCThreads                            = 1                                         {product} {ergonomic}
     uint G1ConcRefinementThreads                  = 4                                         {product} {ergonomic}
   size_t G1HeapRegionSize                         = 1048576                                   {product} {ergonomic}
    uintx GCDrainStackTargetSize                   = 64                                        {product} {ergonomic}
   size_t InitialHeapSize                          = 67108864                                  {product} {ergonomic}
     bool ManagementServer                         = true                                      {product} {command line}
   size_t MarkStackSize                            = 4194304                                   {product} {ergonomic}
   size_t MaxHeapSize                              = 1054867456                                {product} {ergonomic}
   size_t MaxNewSize                               = 632291328                                 {product} {ergonomic}
   size_t MinHeapDeltaBytes                        = 1048576                                   {product} {ergonomic}
   size_t MinHeapSize                              = 8388608                                   {product} {ergonomic}
    uintx NonNMethodCodeHeapSize                   = 6973028                                {pd product} {ergonomic}
    uintx NonProfiledCodeHeapSize                  = 244685212                              {pd product} {ergonomic}
    uintx ProfiledCodeHeapSize                     = 0                                      {pd product} {ergonomic}
    uintx ReservedCodeCacheSize                    = 251658240                              {pd product} {ergonomic}
     bool SegmentedCodeCache                       = true                                      {product} {ergonomic}
   size_t SoftMaxHeapSize                          = 1054867456                             {manageable} {ergonomic}
     intx TieredStopAtLevel                        = 1                                         {product} {command line}
     bool UseCompressedClassPointers               = true                                 {lp64_product} {ergonomic}
     bool UseCompressedOops                        = true                                 {lp64_product} {ergonomic}
     bool UseG1GC                                  = true                                      {product} {ergonomic}
     bool UseLargePagesIndividualAllocation        = false                                  {pd product} {ergonomic}

Logging:
Log output configuration:
 #0: stdout all=warning uptime,level,tags
 #1: stderr all=off uptime,level,tags

Environment Variables:
JRE_HOME=C:\Program Files\Java\jre1.8.0_131\bin;
CLASSPATH=C:\Program Files\Java\jdk1.8.0_74\lib;C:\Program Files\Apache Software Foundation\Tomcat 6.0\lib\servlet-api.jar;
PATH=C:/Program Files/Java/jdk-13.0.1/bin/server;C:/Program Files/Java/jdk-13.0.1/bin;C:\PROGRA~2\RATIONAL\RATION~1\NUTCROOT\bin;C:\PROGRA~2\RATIONAL\RATION~1\NUTCROOT\bin\x11;C:\PROGRA~2\RATIONAL\RATION~1\NUTCROOT\mksnt;C:\Program Files\Java\jdk-13.0.1\bin;C:\Program Files\Git\cmd;C:\Program Files (x86)\Rational\common;C:\Program Files (x86)\Rational\ClearQuest;C:\Program Files (x86)\Rational\Rose\TopLink\;C:\Program Files (x86)\Rational\Rational Test;C:\Program Files\nodejs\;C:\Program Files\Microsoft SQL Server\120\Tools\Binn\;C:\Program Files\Microsoft SQL Server\Client SDK\ODBC\110\Tools\Binn\;C:\Program Files (x86)\Microsoft SQL Server\120\Tools\Binn\;C:\Program Files\Microsoft SQL Server\120\DTS\Binn\;C:\Program Files (x86)\Microsoft SQL Server\120\Tools\Binn\ManagementStudio\;C:\Program Files (x86)\Microsoft SQL Server\120\DTS\Binn\;C:\Users\Hello\AppData\Local\Programs\Microsoft VS Code\bin;C:\Users\Hello\AppData\Roaming\npm;C:\Program Files\JetBrains\IntelliJ IDEA Community Edition 2020.1\bin;;C:\Users\Hello\Desktop\sts-4.6.1.RELEASE;
USERNAME=Hello
SHELL=C:\PROGRA~2\RATIONAL\RATION~1\NUTCROOT\mksnt\sh.exe
DISPLAY=:0.0
OS=Windows_NT
PROCESSOR_IDENTIFIER=Intel64 Family 6 Model 61 Stepping 4, GenuineIntel



---------------  S Y S T E M  ---------------

OS: Windows 10 , 64 bit Build 10240 (10.0.10240.17113)

CPU:total 4 (initial active 4) (2 cores per cpu, 2 threads per core) family 6 model 61 stepping 4, cmov, cx8, fxsr, mmx, sse, sse2, sse3, ssse3, sse4.1, sse4.2, popcnt, avx, avx2, aes, clmul, erms, 3dnowpref, lzcnt, ht, tsc, tscinvbit, bmi1, bmi2, adx, fma

Memory: 4k page, system-wide physical 4016M (649M free)
TotalPageFile size 10585M (AvailPageFile size 5450M)
current process WorkingSet (physical memory assigned to process): 79M, peak: 79M
current process commit charge ("private bytes"): 154M, peak: 154M

vm_info: Java HotSpot(TM) 64-Bit Server VM (13.0.1+9) for windows-amd64 JRE (13.0.1+9), built on Oct  6 2019 12:37:49 by "mach5one" with unknown MS VC++:1916

END.
