#
# A fatal error has been detected by the Java Runtime Environment:
#
#  EXCEPTION_ACCESS_VIOLATION (0xc0000005) at pc=0x00007ffb9acc5bca, pid=11052, tid=3448
#
# JRE version: Java(TM) SE Runtime Environment (13.0.1+9) (build 13.0.1+9)
# Java VM: Java HotSpot(TM) 64-Bit Server VM (13.0.1+9, mixed mode, sharing, tiered, compressed oops, g1 gc, windows-amd64)
# Problematic frame:
# V  [jvm.dll+0x2b5bca]
#
# No core dump will be written. Minidumps are not enabled by default on client versions of Windows
#
# If you would like to submit a bug report, please visit:
#   http://bugreport.java.com/bugreport/crash.jsp
#

---------------  S U M M A R Y ------------

Command Line: -Dcom.sun.management.jmxremote -Dcom.sun.management.jmxremote.port=60802 -Dcom.sun.management.jmxremote.authenticate=false -Dcom.sun.management.jmxremote.ssl=false -Djava.rmi.server.hostname=localhost -Dspring.jmx.enabled=true -Dspring.application.admin.enabled=true -Xverify:none -XX:TieredStopAtLevel=1 -Dspring.boot.project.name=BookstoreApi-s -Dfile.encoding=UTF-8 com.bridgelabz.bookstore.BookStoreApplication --spring.output.ansi.enabled=always

Host: Intel(R) Core(TM) i3-5005U CPU @ 2.00GHz, 4 cores, 3G,  Windows 10 , 64 bit Build 10240 (10.0.10240.17113)
Time: Mon May 11 10:13:12 2020 India Standard Time elapsed time: 6 seconds (0d 0h 0m 6s)

---------------  T H R E A D  ---------------

Current thread (0x00000097f9fdf000):  JavaThread "Service Thread" daemon [_thread_in_vm, id=3448, stack(0x00000097fa3a0000,0x00000097fa4a0000)]

Stack: [0x00000097fa3a0000,0x00000097fa4a0000],  sp=0x00000097fa49f5e0,  free space=1021k
Native frames: (J=compiled Java code, j=interpreted, Vv=VM code, C=native code)
V  [jvm.dll+0x2b5bca]
V  [jvm.dll+0x1dbdbe]
V  [jvm.dll+0x65b4fe]
V  [jvm.dll+0x690e51]
V  [jvm.dll+0x738b16]
V  [jvm.dll+0x731c0a]
V  [jvm.dll+0x6260c6]
C  [ucrtbase.dll+0x6829d]
C  [KERNEL32.DLL+0x12d92]
C  [ntdll.dll+0x9f64]


siginfo: EXCEPTION_ACCESS_VIOLATION (0xc0000005), reading address 0x0000000c00000023


Register to memory mapping:

RIP=0x00007ffb9acc5bca jvm.dll
RAX=0x0 is NULL
RBX=0x00000097eb907700 points into unknown readable memory: 00 f0 fd f9 97 00 00 00
RCX=0x00000097eb907708 points into unknown readable memory: ff ff ff ff ff ff ff ff
RDX=0x0 is NULL
RSP=0x00000097fa49f5e0 is pointing into the stack for thread: 0x00000097f9fdf000
RBP=0x0000000c0000000b is an unknown value
RSI=0x00000097fa005820 points into unknown readable memory: 01 00 00 00 61 76 61 2f
RDI=0x00000097f9fc09a0 points into unknown readable memory: 02 00 00 00 00 00 00 00
R8 =0x00000000c273ea40 is an oop: jdk.internal.reflect.DelegatingClassLoader 
{0x00000000c273ea40} - klass: 'jdk/internal/reflect/DelegatingClassLoader'
R9 =0x0 is NULL
R10=0x0 is NULL
R11=0x00000097fa49f708 is pointing into the stack for thread: 0x00000097f9fdf000
R12=0x0000000000000008 is an unknown value
R13=0x0 is NULL
R14=0x00000097f9fbb3f0 points into unknown readable memory: f0 26 fa f9 97 00 00 00
R15=0x0 is NULL


Registers:
RAX=0x0000000000000000, RBX=0x00000097eb907700, RCX=0x00000097eb907708, RDX=0x0000000000000000
RSP=0x00000097fa49f5e0, RBP=0x0000000c0000000b, RSI=0x00000097fa005820, RDI=0x00000097f9fc09a0
R8 =0x00000000c273ea40, R9 =0x0000000000000000, R10=0x0000000000000000, R11=0x00000097fa49f708
R12=0x0000000000000008, R13=0x0000000000000000, R14=0x00000097f9fbb3f0, R15=0x0000000000000000
RIP=0x00007ffb9acc5bca, EFLAGS=0x0000000000010202

Top of Stack: (sp=0x00000097fa49f5e0)
0x00000097fa49f5e0:   00000097eb907700 0000000000000000
0x00000097fa49f5f0:   0000000000000000 0000000000000000
0x00000097fa49f600:   0000000000000000 00000097fa005820
0x00000097fa49f610:   0000000000000000 00007ffbc6b3ef5c
0x00000097fa49f620:   00000097f9fbb3f0 00000097eb907700
0x00000097fa49f630:   00007ff688b36000 00007ff688c7f000
0x00000097fa49f640:   00000097f8e1d570 00007ffb9aad3c5c
0x00000097fa49f650:   00000097eb8ed630 0000000000000000
0x00000097fa49f660:   0000000000000000 0000000000000000
0x00000097fa49f670:   0000000000000000 0000000000000000
0x00000097fa49f680:   0000000000000000 0000000000000000
0x00000097fa49f690:   0000000000000000 0000000000000000
0x00000097fa49f6a0:   0000000000000000 0000000000000000
0x00000097fa49f6b0:   0000000000000000 0000000000000000
0x00000097fa49f6c0:   0000000000000000 00007ffbc973be78
0x00000097fa49f6d0:   0000d7d6f42ccdbf 00007ffb9abb8e56 

Instructions: (pc=0x00007ffb9acc5bca)
0x00007ffb9acc5aca:   00 48 39 87 80 00 00 00 75 0d 48 8b d6 41 ff d7
0x00007ffb9acc5ada:   48 83 7e 08 00 75 14 48 8b 5b 08 48 83 e3 fe 75
0x00007ffb9acc5aea:   d5 ff c5 49 83 c6 08 3b 2f 7c bb 48 8b 5c 24 40
0x00007ffb9acc5afa:   4c 8b 74 24 48 48 8b 6c 24 50 48 83 c4 20 41 5f
0x00007ffb9acc5b0a:   5f 5e c3 cc cc cc 4c 8b dc 56 48 81 ec 20 01 00
0x00007ffb9acc5b1a:   00 48 8b 05 96 b4 77 00 48 33 c4 48 89 84 24 f0
0x00007ffb9acc5b2a:   00 00 00 48 8b 05 0c 9a 7a 00 48 8b f1 48 89 4c
0x00007ffb9acc5b3a:   24 28 48 39 81 80 00 00 00 0f 84 85 02 00 00 33
0x00007ffb9acc5b4a:   c9 89 4c 24 20 39 0e 0f 8e 77 02 00 00 8b 15 37
0x00007ffb9acc5b5a:   76 81 00 65 48 8b 04 25 58 00 00 00 49 89 5b 10
0x00007ffb9acc5b6a:   49 89 6b 18 49 89 7b 20 4d 89 63 f0 4d 89 6b e8
0x00007ffb9acc5b7a:   4d 89 73 e0 4c 8d 34 d0 33 d2 4d 89 7b d8 48 89
0x00007ffb9acc5b8a:   54 24 30 4c 89 74 24 40 41 bc 08 00 00 00 0f 1f
0x00007ffb9acc5b9a:   84 00 00 00 00 00 48 8b 46 08 48 8b 2c 02 48 85
0x00007ffb9acc5baa:   ed 0f 84 ce 01 00 00 48 8b 1d c8 12 7e 00 48 89
0x00007ffb9acc5bba:   5c 24 48 48 85 db 74 08 48 8b cb e8 c6 6a 34 00
0x00007ffb9acc5bca:   48 8b 7d 18 45 33 ff 48 85 ff 0f 84 7c 01 00 00
0x00007ffb9acc5bda:   48 8b 5c 24 28 90 48 8b cf e8 b8 5c 3a 00 48 85
0x00007ffb9acc5bea:   c0 0f 85 51 01 00 00 48 39 05 90 be 7a 00 0f 84
0x00007ffb9acc5bfa:   17 01 00 00 49 8b 06 ba 50 00 00 00 41 8b cc 48
0x00007ffb9acc5c0a:   8b 0c 01 48 8b b1 68 02 00 00 48 8d 4c 24 50 48
0x00007ffb9acc5c1a:   8b 46 28 4c 8b 76 10 4c 8b 66 18 4c 8b 6e 20 48
0x00007ffb9acc5c2a:   89 44 24 38 e8 2d 1c 37 00 48 8d 05 b6 1c 58 00
0x00007ffb9acc5c3a:   48 8d 8c 24 88 00 00 00 48 89 44 24 50 e8 94 dc
0x00007ffb9acc5c4a:   27 00 48 8d 05 fd bd 7a 00 c7 84 24 e0 00 00 00
0x00007ffb9acc5c5a:   02 00 00 00 48 8d 15 1b df 5b 00 48 89 84 24 e8
0x00007ffb9acc5c6a:   00 00 00 48 8d 4c 24 50 e8 99 32 37 00 48 8d 15
0x00007ffb9acc5c7a:   1a df 5b 00 48 8d 4c 24 50 e8 58 32 37 00 48 8b
0x00007ffb9acc5c8a:   83 80 00 00 00 48 8b 48 08 48 85 c9 75 04 33 c0
0x00007ffb9acc5c9a:   eb 06 ff 15 e6 4a 74 00 48 8d 54 24 50 48 8b c8
0x00007ffb9acc5caa:   e8 71 e3 35 00 48 8d 15 f2 de 5b 00 48 8d 4c 24
0x00007ffb9acc5cba:   50 e8 20 32 37 00 48 8b 4d 10 48 8d 54 24 50 48 


Stack slot to memory mapping:
stack at sp + 0 slots: 0x00000097eb907700 points into unknown readable memory: 00 f0 fd f9 97 00 00 00
stack at sp + 1 slots: 0x0 is NULL
stack at sp + 2 slots: 0x0 is NULL
stack at sp + 3 slots: 0x0 is NULL
stack at sp + 4 slots: 0x0 is NULL
stack at sp + 5 slots: 0x00000097fa005820 points into unknown readable memory: 01 00 00 00 61 76 61 2f
stack at sp + 6 slots: 0x0 is NULL
stack at sp + 7 slots: 0x00007ffbc6b3ef5c KERNELBASE.dll


---------------  P R O C E S S  ---------------

Threads class SMR info:
_java_thread_list=0x00000097fd123340, length=12, elements={
0x00000097eb90b000, 0x00000097f8e1b000, 0x00000097f8e1e000, 0x00000097f8e39800,
0x00000097f8e3a800, 0x00000097f8e45000, 0x00000097f8e46800, 0x00000097f9fa7800,
0x00000097f9fdf000, 0x00000097fb23e000, 0x00000097fb244000, 0x00000097fb28a000
}

Java Threads: ( => current thread )
  0x00000097eb90b000 JavaThread "main" [_thread_blocked, id=17208, stack(0x00000097e9850000,0x00000097e9950000)]
  0x00000097f8e1b000 JavaThread "Reference Handler" daemon [_thread_blocked, id=16296, stack(0x00000097f97c0000,0x00000097f98c0000)]
  0x00000097f8e1e000 JavaThread "Finalizer" daemon [_thread_blocked, id=11288, stack(0x00000097f98c0000,0x00000097f99c0000)]
  0x00000097f8e39800 JavaThread "Signal Dispatcher" daemon [_thread_blocked, id=11668, stack(0x00000097f9aa0000,0x00000097f9ba0000)]
  0x00000097f8e3a800 JavaThread "Attach Listener" daemon [_thread_blocked, id=16540, stack(0x00000097f9ba0000,0x00000097f9ca0000)]
  0x00000097f8e45000 JavaThread "C1 CompilerThread0" daemon [_thread_blocked, id=15136, stack(0x00000097f9ca0000,0x00000097f9da0000)]
  0x00000097f8e46800 JavaThread "Sweeper thread" daemon [_thread_blocked, id=2724, stack(0x00000097f9da0000,0x00000097f9ea0000)]
  0x00000097f9fa7800 JavaThread "Common-Cleaner" daemon [_thread_blocked, id=4056, stack(0x00000097fa2a0000,0x00000097fa3a0000)]
=>0x00000097f9fdf000 JavaThread "Service Thread" daemon [_thread_in_vm, id=3448, stack(0x00000097fa3a0000,0x00000097fa4a0000)]
  0x00000097fb23e000 JavaThread "RMI TCP Accept-0" daemon [_thread_in_native, id=10828, stack(0x00000097fc0b0000,0x00000097fc1b0000)]
  0x00000097fb244000 JavaThread "RMI TCP Accept-60802" daemon [_thread_in_native, id=18648, stack(0x00000097fc2b0000,0x00000097fc3b0000)]
  0x00000097fb28a000 JavaThread "RMI TCP Accept-0" daemon [_thread_in_native, id=12408, stack(0x00000097fc3b0000,0x00000097fc4b0000)]

Other Threads:
  0x00000097f8e13800 VMThread "VM Thread" [stack: 0x00000097f96c0000,0x00000097f97c0000] [id=9812] _threads_hazard_ptr=0x00000097fd123340
  0x00000097fb2c3800 WatcherThread [stack: 0x00000097fc4b0000,0x00000097fc5b0000] [id=2092]
  0x00000097eb939000 GCTaskThread "GC Thread#0" [stack: 0x00000097f6380000,0x00000097f6480000] [id=3820]
  0x00000097fabb4800 GCTaskThread "GC Thread#1" [stack: 0x00000097faca0000,0x00000097fada0000] [id=13960]
  0x00000097fb688800 GCTaskThread "GC Thread#2" [stack: 0x00000097fc6b0000,0x00000097fc7b0000] [id=12112]
  0x00000097fb68d000 GCTaskThread "GC Thread#3" [stack: 0x00000097fc7b0000,0x00000097fc8b0000] [id=4048]
  0x00000097eb942800 ConcurrentGCThread "G1 Main Marker" [stack: 0x00000097f6480000,0x00000097f6580000] [id=3744]
  0x00000097eb945000 ConcurrentGCThread "G1 Conc#0" [stack: 0x00000097f6580000,0x00000097f6680000] [id=20372]
  0x00000097eb9a1800 ConcurrentGCThread "G1 Refine#0" [stack: 0x00000097f8ac0000,0x00000097f8bc0000] [id=8344]
  0x00000097eb9a2800 ConcurrentGCThread "G1 Young RemSet Sampling" [stack: 0x00000097f8bc0000,0x00000097f8cc0000] [id=404]

Threads with active compile tasks:
C1 CompilerThread0     6174 3021       1       org.springframework.core.type.AnnotationMetadata$$Lambda$254/0x0000000800d45c40::apply (8 bytes)

VM state:synchronizing (normal execution)

VM Mutex/Monitor currently owned by a thread:  ([mutex/lock_event])
[0x00000097eb907280] ClassLoaderDataGraph_lock - owner thread: 0x00000097f9fdf000
[0x00000097eb9071f0] SystemDictionary_lock - owner thread: 0x00000097f9fdf000
[0x00000097eb907700] ProtectionDomainSet_lock - owner thread: 0x00000097f9fdf000
[0x00000097eb9081b0] Threads_lock - owner thread: 0x00000097f8e13800
[0x00000097eb906fb0] Heap_lock - owner thread: 0x00000097eb942800

Heap address: 0x00000000c1200000, size: 1006 MB, Compressed Oops mode: 32-bit
Narrow klass base: 0x0000000800000000, Narrow klass shift: 3
Compressed class space size: 1073741824 Address: 0x0000000800b40000

Heap:
 garbage-first heap   total 95232K, used 30350K [0x00000000c1200000, 0x0000000100000000)
  region size 1024K, 5 young (5120K), 4 survivors (4096K)
 Metaspace       used 20576K, capacity 21293K, committed 21628K, reserved 1067008K
  class space    used 2809K, capacity 3108K, committed 3200K, reserved 1048576K
Heap Regions: E=young(eden), S=young(survivor), O=old, HS=humongous(starts), HC=humongous(continues), CS=collection set, F=free, A=archive, TAMS=top-at-mark-start (previous, next)
|   0|0x00000000c1200000, 0x00000000c1300000, 0x00000000c1300000|100%|HS|  |TAMS 0x00000000c1300000, 0x00000000c1200000| Complete 
|   1|0x00000000c1300000, 0x00000000c1400000, 0x00000000c1400000|100%|HS|  |TAMS 0x00000000c1400000, 0x00000000c1300000| Complete 
|   2|0x00000000c1400000, 0x00000000c1500000, 0x00000000c1500000|100%| O|  |TAMS 0x00000000c1500000, 0x00000000c1400000| Updating 
|   3|0x00000000c1500000, 0x00000000c1600000, 0x00000000c1600000|100%| O|  |TAMS 0x00000000c1600000, 0x00000000c1500000| Updating 
|   4|0x00000000c1600000, 0x00000000c1700000, 0x00000000c1700000|100%| O|  |TAMS 0x00000000c1700000, 0x00000000c1600000| Updating 
|   5|0x00000000c1700000, 0x00000000c1800000, 0x00000000c1800000|100%| O|  |TAMS 0x00000000c1800000, 0x00000000c1700000| Updating 
|   6|0x00000000c1800000, 0x00000000c1900000, 0x00000000c1900000|100%| O|  |TAMS 0x00000000c1900000, 0x00000000c1800000| Updating 
|   7|0x00000000c1900000, 0x00000000c1a00000, 0x00000000c1a00000|100%| O|  |TAMS 0x00000000c1a00000, 0x00000000c1900000| Updating 
|   8|0x00000000c1a00000, 0x00000000c1b00000, 0x00000000c1b00000|100%| O|  |TAMS 0x00000000c1b00000, 0x00000000c1a00000| Updating 
|   9|0x00000000c1b00000, 0x00000000c1c00000, 0x00000000c1c00000|100%| O|  |TAMS 0x00000000c1c00000, 0x00000000c1b00000| Updating 
|  10|0x00000000c1c00000, 0x00000000c1d00000, 0x00000000c1d00000|100%| O|  |TAMS 0x00000000c1d00000, 0x00000000c1c00000| Updating 
|  11|0x00000000c1d00000, 0x00000000c1e00000, 0x00000000c1e00000|100%|HS|  |TAMS 0x00000000c1e00000, 0x00000000c1d00000| Complete 
|  12|0x00000000c1e00000, 0x00000000c1f00000, 0x00000000c1f00000|100%| O|  |TAMS 0x00000000c1f00000, 0x00000000c1e00000| Updating 
|  13|0x00000000c1f00000, 0x00000000c2000000, 0x00000000c2000000|100%| O|  |TAMS 0x00000000c2000000, 0x00000000c1f00000| Updating 
|  14|0x00000000c2000000, 0x00000000c2100000, 0x00000000c2100000|100%| O|  |TAMS 0x00000000c2100000, 0x00000000c2000000| Updating 
|  15|0x00000000c2100000, 0x00000000c2200000, 0x00000000c2200000|100%| O|  |TAMS 0x00000000c2200000, 0x00000000c2100000| Updating 
|  16|0x00000000c2200000, 0x00000000c2300000, 0x00000000c2300000|100%| O|  |TAMS 0x00000000c2300000, 0x00000000c2200000| Updating 
|  17|0x00000000c2300000, 0x00000000c2400000, 0x00000000c2400000|100%| O|  |TAMS 0x00000000c2400000, 0x00000000c2300000| Updating 
|  18|0x00000000c2400000, 0x00000000c2500000, 0x00000000c2500000|100%| O|  |TAMS 0x00000000c2500000, 0x00000000c2400000| Updating 
|  19|0x00000000c2500000, 0x00000000c2600000, 0x00000000c2600000|100%| O|  |TAMS 0x00000000c2600000, 0x00000000c2500000| Updating 
|  20|0x00000000c2600000, 0x00000000c2700000, 0x00000000c2700000|100%| O|  |TAMS 0x00000000c2700000, 0x00000000c2600000| Updating 
|  21|0x00000000c2700000, 0x00000000c2800000, 0x00000000c2800000|100%| O|  |TAMS 0x00000000c2800000, 0x00000000c2700000| Updating 
|  22|0x00000000c2800000, 0x00000000c2900000, 0x00000000c2900000|100%| O|  |TAMS 0x00000000c2900000, 0x00000000c2800000| Updating 
|  23|0x00000000c2900000, 0x00000000c2a00000, 0x00000000c2a00000|100%| O|  |TAMS 0x00000000c2a00000, 0x00000000c2900000| Updating 
|  24|0x00000000c2a00000, 0x00000000c2b00000, 0x00000000c2b00000|100%| O|  |TAMS 0x00000000c2b00000, 0x00000000c2a00000| Updating 
|  25|0x00000000c2b00000, 0x00000000c2c00000, 0x00000000c2c00000|100%| O|  |TAMS 0x00000000c2c00000, 0x00000000c2b00000| Updating 
|  26|0x00000000c2c00000, 0x00000000c2c0b200, 0x00000000c2d00000|  4%| O|  |TAMS 0x00000000c2c0b200, 0x00000000c2c00000| Updating 
|  27|0x00000000c2d00000, 0x00000000c2d00000, 0x00000000c2e00000|  0%| F|  |TAMS 0x00000000c2d00000, 0x00000000c2d00000| Untracked 
|  28|0x00000000c2e00000, 0x00000000c2e00000, 0x00000000c2f00000|  0%| F|  |TAMS 0x00000000c2e00000, 0x00000000c2e00000| Untracked 
|  29|0x00000000c2f00000, 0x00000000c2f00000, 0x00000000c3000000|  0%| F|  |TAMS 0x00000000c2f00000, 0x00000000c2f00000| Untracked 
|  30|0x00000000c3000000, 0x00000000c3000000, 0x00000000c3100000|  0%| F|  |TAMS 0x00000000c3000000, 0x00000000c3000000| Untracked 
|  31|0x00000000c3100000, 0x00000000c3100000, 0x00000000c3200000|  0%| F|  |TAMS 0x00000000c3100000, 0x00000000c3100000| Untracked 
|  32|0x00000000c3200000, 0x00000000c3200000, 0x00000000c3300000|  0%| F|  |TAMS 0x00000000c3200000, 0x00000000c3200000| Untracked 
|  33|0x00000000c3300000, 0x00000000c3300000, 0x00000000c3400000|  0%| F|  |TAMS 0x00000000c3300000, 0x00000000c3300000| Untracked 
|  34|0x00000000c3400000, 0x00000000c3400000, 0x00000000c3500000|  0%| F|  |TAMS 0x00000000c3400000, 0x00000000c3400000| Untracked 
|  35|0x00000000c3500000, 0x00000000c3500000, 0x00000000c3600000|  0%| F|  |TAMS 0x00000000c3500000, 0x00000000c3500000| Untracked 
|  36|0x00000000c3600000, 0x00000000c3600000, 0x00000000c3700000|  0%| F|  |TAMS 0x00000000c3600000, 0x00000000c3600000| Untracked 
|  37|0x00000000c3700000, 0x00000000c3700000, 0x00000000c3800000|  0%| F|  |TAMS 0x00000000c3700000, 0x00000000c3700000| Untracked 
|  38|0x00000000c3800000, 0x00000000c3800000, 0x00000000c3900000|  0%| F|  |TAMS 0x00000000c3800000, 0x00000000c3800000| Untracked 
|  39|0x00000000c3900000, 0x00000000c3900000, 0x00000000c3a00000|  0%| F|  |TAMS 0x00000000c3900000, 0x00000000c3900000| Untracked 
|  40|0x00000000c3a00000, 0x00000000c3a00000, 0x00000000c3b00000|  0%| F|  |TAMS 0x00000000c3a00000, 0x00000000c3a00000| Untracked 
|  41|0x00000000c3b00000, 0x00000000c3b00000, 0x00000000c3c00000|  0%| F|  |TAMS 0x00000000c3b00000, 0x00000000c3b00000| Untracked 
|  42|0x00000000c3c00000, 0x00000000c3c00000, 0x00000000c3d00000|  0%| F|  |TAMS 0x00000000c3c00000, 0x00000000c3c00000| Untracked 
|  43|0x00000000c3d00000, 0x00000000c3d00000, 0x00000000c3e00000|  0%| F|  |TAMS 0x00000000c3d00000, 0x00000000c3d00000| Untracked 
|  44|0x00000000c3e00000, 0x00000000c3e00000, 0x00000000c3f00000|  0%| F|  |TAMS 0x00000000c3e00000, 0x00000000c3e00000| Untracked 
|  45|0x00000000c3f00000, 0x00000000c3f00000, 0x00000000c4000000|  0%| F|  |TAMS 0x00000000c3f00000, 0x00000000c3f00000| Untracked 
|  46|0x00000000c4000000, 0x00000000c4000000, 0x00000000c4100000|  0%| F|  |TAMS 0x00000000c4000000, 0x00000000c4000000| Untracked 
|  47|0x00000000c4100000, 0x00000000c4100000, 0x00000000c4200000|  0%| F|  |TAMS 0x00000000c4100000, 0x00000000c4100000| Untracked 
|  48|0x00000000c4200000, 0x00000000c4200000, 0x00000000c4300000|  0%| F|  |TAMS 0x00000000c4200000, 0x00000000c4200000| Untracked 
|  49|0x00000000c4300000, 0x00000000c4300000, 0x00000000c4400000|  0%| F|  |TAMS 0x00000000c4300000, 0x00000000c4300000| Untracked 
|  50|0x00000000c4400000, 0x00000000c4400000, 0x00000000c4500000|  0%| F|  |TAMS 0x00000000c4400000, 0x00000000c4400000| Untracked 
|  51|0x00000000c4500000, 0x00000000c4500000, 0x00000000c4600000|  0%| F|  |TAMS 0x00000000c4500000, 0x00000000c4500000| Untracked 
|  52|0x00000000c4600000, 0x00000000c4600000, 0x00000000c4700000|  0%| F|  |TAMS 0x00000000c4600000, 0x00000000c4600000| Untracked 
|  53|0x00000000c4700000, 0x00000000c4700000, 0x00000000c4800000|  0%| F|  |TAMS 0x00000000c4700000, 0x00000000c4700000| Untracked 
|  54|0x00000000c4800000, 0x00000000c4800000, 0x00000000c4900000|  0%| F|  |TAMS 0x00000000c4800000, 0x00000000c4800000| Untracked 
|  55|0x00000000c4900000, 0x00000000c4900000, 0x00000000c4a00000|  0%| F|  |TAMS 0x00000000c4900000, 0x00000000c4900000| Untracked 
|  56|0x00000000c4a00000, 0x00000000c4a00000, 0x00000000c4b00000|  0%| F|  |TAMS 0x00000000c4a00000, 0x00000000c4a00000| Untracked 
|  57|0x00000000c4b00000, 0x00000000c4b00000, 0x00000000c4c00000|  0%| F|  |TAMS 0x00000000c4b00000, 0x00000000c4b00000| Untracked 
|  58|0x00000000c4c00000, 0x00000000c4c00000, 0x00000000c4d00000|  0%| F|  |TAMS 0x00000000c4c00000, 0x00000000c4c00000| Untracked 
|  59|0x00000000c4d00000, 0x00000000c4d00000, 0x00000000c4e00000|  0%| F|  |TAMS 0x00000000c4d00000, 0x00000000c4d00000| Untracked 
|  60|0x00000000c4e00000, 0x00000000c4e00000, 0x00000000c4f00000|  0%| F|  |TAMS 0x00000000c4e00000, 0x00000000c4e00000| Untracked 
|  61|0x00000000c4f00000, 0x00000000c4f00000, 0x00000000c5000000|  0%| F|  |TAMS 0x00000000c4f00000, 0x00000000c4f00000| Untracked 
|  62|0x00000000c5000000, 0x00000000c5000000, 0x00000000c5100000|  0%| F|  |TAMS 0x00000000c5000000, 0x00000000c5000000| Untracked 
|  63|0x00000000c5100000, 0x00000000c5100000, 0x00000000c5200000|  0%| F|  |TAMS 0x00000000c5100000, 0x00000000c5100000| Untracked 
|  64|0x00000000c5200000, 0x00000000c5200000, 0x00000000c5300000|  0%| F|  |TAMS 0x00000000c5200000, 0x00000000c5200000| Untracked 
|  65|0x00000000c5300000, 0x00000000c5300000, 0x00000000c5400000|  0%| F|  |TAMS 0x00000000c5300000, 0x00000000c5300000| Untracked 
|  66|0x00000000c5400000, 0x00000000c5400000, 0x00000000c5500000|  0%| F|  |TAMS 0x00000000c5400000, 0x00000000c5400000| Untracked 
|  67|0x00000000c5500000, 0x00000000c5500000, 0x00000000c5600000|  0%| F|  |TAMS 0x00000000c5500000, 0x00000000c5500000| Untracked 
|  68|0x00000000c5600000, 0x00000000c5600000, 0x00000000c5700000|  0%| F|  |TAMS 0x00000000c5600000, 0x00000000c5600000| Untracked 
|  69|0x00000000c5700000, 0x00000000c5700000, 0x00000000c5800000|  0%| F|  |TAMS 0x00000000c5700000, 0x00000000c5700000| Untracked 
|  70|0x00000000c5800000, 0x00000000c5800000, 0x00000000c5900000|  0%| F|  |TAMS 0x00000000c5800000, 0x00000000c5800000| Untracked 
|  71|0x00000000c5900000, 0x00000000c5900000, 0x00000000c5a00000|  0%| F|  |TAMS 0x00000000c5900000, 0x00000000c5900000| Untracked 
|  72|0x00000000c5a00000, 0x00000000c5a00000, 0x00000000c5b00000|  0%| F|  |TAMS 0x00000000c5a00000, 0x00000000c5a00000| Untracked 
|  73|0x00000000c5b00000, 0x00000000c5b00000, 0x00000000c5c00000|  0%| F|  |TAMS 0x00000000c5b00000, 0x00000000c5b00000| Untracked 
|  74|0x00000000c5c00000, 0x00000000c5c00000, 0x00000000c5d00000|  0%| F|  |TAMS 0x00000000c5c00000, 0x00000000c5c00000| Untracked 
|  75|0x00000000c5d00000, 0x00000000c5d00000, 0x00000000c5e00000|  0%| F|  |TAMS 0x00000000c5d00000, 0x00000000c5d00000| Untracked 
|  76|0x00000000c5e00000, 0x00000000c5e00000, 0x00000000c5f00000|  0%| F|  |TAMS 0x00000000c5e00000, 0x00000000c5e00000| Untracked 
|  77|0x00000000c5f00000, 0x00000000c5f00000, 0x00000000c6000000|  0%| F|  |TAMS 0x00000000c5f00000, 0x00000000c5f00000| Untracked 
|  78|0x00000000c6000000, 0x00000000c6000000, 0x00000000c6100000|  0%| F|  |TAMS 0x00000000c6000000, 0x00000000c6000000| Untracked 
|  79|0x00000000c6100000, 0x00000000c6100000, 0x00000000c6200000|  0%| F|  |TAMS 0x00000000c6100000, 0x00000000c6100000| Untracked 
|  80|0x00000000c6200000, 0x00000000c6200000, 0x00000000c6300000|  0%| F|  |TAMS 0x00000000c6200000, 0x00000000c6200000| Untracked 
|  81|0x00000000c6300000, 0x00000000c6300000, 0x00000000c6400000|  0%| F|  |TAMS 0x00000000c6300000, 0x00000000c6300000| Untracked 
|  82|0x00000000c6400000, 0x00000000c6400000, 0x00000000c6500000|  0%| F|  |TAMS 0x00000000c6400000, 0x00000000c6400000| Untracked 
|  83|0x00000000c6500000, 0x00000000c65986e0, 0x00000000c6600000| 59%| S|CS|TAMS 0x00000000c6500000, 0x00000000c6500000| Complete 
|  84|0x00000000c6600000, 0x00000000c6700000, 0x00000000c6700000|100%| S|CS|TAMS 0x00000000c6600000, 0x00000000c6600000| Complete 
|  85|0x00000000c6700000, 0x00000000c6800000, 0x00000000c6800000|100%| S|CS|TAMS 0x00000000c6700000, 0x00000000c6700000| Complete 
|  86|0x00000000c6800000, 0x00000000c6900000, 0x00000000c6900000|100%| S|CS|TAMS 0x00000000c6800000, 0x00000000c6800000| Complete 
|  87|0x00000000c6900000, 0x00000000c6900000, 0x00000000c6a00000|  0%| F|  |TAMS 0x00000000c6900000, 0x00000000c6900000| Untracked 
|  88|0x00000000c6a00000, 0x00000000c6a00000, 0x00000000c6b00000|  0%| F|  |TAMS 0x00000000c6a00000, 0x00000000c6a00000| Untracked 
|  89|0x00000000c6b00000, 0x00000000c6b00000, 0x00000000c6c00000|  0%| F|  |TAMS 0x00000000c6b00000, 0x00000000c6b00000| Untracked 
|  90|0x00000000c6c00000, 0x00000000c6c00000, 0x00000000c6d00000|  0%| F|  |TAMS 0x00000000c6c00000, 0x00000000c6c00000| Untracked 
|  91|0x00000000c6d00000, 0x00000000c6d00000, 0x00000000c6e00000|  0%| F|  |TAMS 0x00000000c6d00000, 0x00000000c6d00000| Untracked 
|  92|0x00000000c6e00000, 0x00000000c6ef36e0, 0x00000000c6f00000| 95%| E|  |TAMS 0x00000000c6e00000, 0x00000000c6e00000| Complete 

Card table byte_map: [0x00000097f4000000,0x00000097f4200000] _byte_map_base: 0x00000097f39f7000

Marking Bits (Prev, Next): (CMBitMap*) 0x00000097eb939928, (CMBitMap*) 0x00000097eb9398e8
 Prev Bits: [0x00000097f53c0000, 0x00000097f6378000)
 Next Bits: [0x00000097f4400000, 0x00000097f53b8000)

Polling page: 0x00000097e9950000

Metaspace:

Usage:
  Non-class:     17.76 MB capacity,    17.35 MB ( 98%) used,   350.48 KB (  2%) free+waste,    68.19 KB ( <1%) overhead. 
      Class:      3.04 MB capacity,     2.74 MB ( 90%) used,   262.37 KB (  8%) free+waste,    35.88 KB (  1%) overhead. 
       Both:     20.79 MB capacity,    20.09 MB ( 97%) used,   612.84 KB (  3%) free+waste,   104.06 KB ( <1%) overhead. 

Virtual space:
  Non-class space:       18.00 MB reserved,      18.00 MB (>99%) committed 
      Class space:        1.00 GB reserved,       3.13 MB ( <1%) committed 
             Both:        1.02 GB reserved,      21.12 MB (  2%) committed 

Chunk freelists:
   Non-Class:  55.00 KB
       Class:  28.00 KB
        Both:  83.00 KB

MaxMetaspaceSize: 17179869184.00 GB
CompressedClassSpaceSize: 1.00 GB

CodeHeap 'non-profiled nmethods': size=238912Kb used=4922Kb max_used=4922Kb free=233989Kb
 bounds [0x00000097806b0000, 0x0000009780b80000, 0x000000978f000000]
CodeHeap 'non-nmethods': size=6848Kb used=1220Kb max_used=1220Kb free=5627Kb
 bounds [0x0000009780000000, 0x0000009780270000, 0x00000097806b0000]
 total_blobs=3774 nmethods=2983 adapters=408
 compilation: enabled
              stopped_count=0, restarted_count=0
 full_count=0

Compilation events (20 events):
Event: 6.100 Thread 0x00000097f8e45000 nmethod 3011 0x0000009780b7a810 code [0x0000009780b7a9e0, 0x0000009780b7ad00]
Event: 6.102 Thread 0x00000097f8e45000 3012       1       org.springframework.beans.factory.support.AbstractBeanDefinition::validate (36 bytes)
Event: 6.103 Thread 0x00000097f8e45000 nmethod 3012 0x0000009780b7ae90 code [0x0000009780b7b080, 0x0000009780b7b3d0]
Event: 6.103 Thread 0x00000097f8e45000 3013       1       org.springframework.core.annotation.TypeMappedAnnotations$Aggregate::createMergedAnnotationIfPossible (36 bytes)
Event: 6.104 Thread 0x00000097f8e45000 nmethod 3013 0x0000009780b7b610 code [0x0000009780b7b7e0, 0x0000009780b7bad0]
Event: 6.106 Thread 0x00000097f8e45000 3014       1       org.springframework.boot.autoconfigure.condition.ConditionMessage$Style$2::applyToItem (33 bytes)
Event: 6.107 Thread 0x00000097f8e45000 nmethod 3014 0x0000009780b7bc90 code [0x0000009780b7bea0, 0x0000009780b7c2d0]
Event: 6.107 Thread 0x00000097f8e45000 3015       1       org.springframework.boot.autoconfigure.condition.ConditionMessage$Style$2::applyToItem (6 bytes)
Event: 6.107 Thread 0x00000097f8e45000 nmethod 3015 0x0000009780b7c490 code [0x0000009780b7c680, 0x0000009780b7c960]
Event: 6.107 Thread 0x00000097f8e45000 3016       1       org.springframework.beans.factory.support.DefaultListableBeanFactory::getBeanDefinition (78 bytes)
Event: 6.108 Thread 0x00000097f8e45000 nmethod 3016 0x0000009780b7cb10 code [0x0000009780b7cd60, 0x0000009780b7d2e0]
Event: 6.113 Thread 0x00000097f8e45000 3017       1       org.springframework.core.AttributeAccessorSupport::copyAttributesFrom (56 bytes)
Event: 6.114 Thread 0x00000097f8e45000 nmethod 3017 0x0000009780b7d590 code [0x0000009780b7d7a0, 0x0000009780b7dba0]
Event: 6.114 Thread 0x00000097f8e45000 3018       1       org.springframework.core.AttributeAccessorSupport::attributeNames (13 bytes)
Event: 6.114 Thread 0x00000097f8e45000 nmethod 3018 0x0000009780b7de10 code [0x0000009780b7dfe0, 0x0000009780b7e250]
Event: 6.114 Thread 0x00000097f8e45000 3019       1       org.springframework.core.env.MutablePropertySources::iterator (10 bytes)
Event: 6.115 Thread 0x00000097f8e45000 nmethod 3019 0x0000009780b7e390 code [0x0000009780b7e540, 0x0000009780b7e6b0]
Event: 6.115 Thread 0x00000097f8e45000 3020       1       org.springframework.boot.autoconfigure.condition.OnBeanCondition$Spec::merge (7 bytes)
Event: 6.115 Thread 0x00000097f8e45000 nmethod 3020 0x0000009780b7e790 code [0x0000009780b7e940, 0x0000009780b7eab0]
Event: 6.128 Thread 0x00000097f8e45000 3021       1       org.springframework.core.type.AnnotationMetadata$$Lambda$254/0x0000000800d45c40::apply (8 bytes)

GC Heap History (20 events):
Event: 1.859 GC heap before
{Heap before GC invocations=4 (full 0):
 garbage-first heap   total 65536K, used 35876K [0x00000000c1200000, 0x0000000100000000)
  region size 1024K, 13 young (13312K), 1 survivors (1024K)
 Metaspace       used 8577K, capacity 8939K, committed 9216K, reserved 1056768K
  class space    used 1076K, capacity 1210K, committed 1280K, reserved 1048576K
}
Event: 1.862 GC heap after
{Heap after GC invocations=5 (full 0):
 garbage-first heap   total 78848K, used 25094K [0x00000000c1200000, 0x0000000100000000)
  region size 1024K, 1 young (1024K), 1 survivors (1024K)
 Metaspace       used 8577K, capacity 8939K, committed 9216K, reserved 1056768K
  class space    used 1076K, capacity 1210K, committed 1280K, reserved 1048576K
}
Event: 2.195 GC heap before
{Heap before GC invocations=5 (full 0):
 garbage-first heap   total 78848K, used 43526K [0x00000000c1200000, 0x0000000100000000)
  region size 1024K, 19 young (19456K), 1 survivors (1024K)
 Metaspace       used 10129K, capacity 10546K, committed 10752K, reserved 1058816K
  class space    used 1324K, capacity 1471K, committed 1536K, reserved 1048576K
}
Event: 2.198 GC heap after
{Heap after GC invocations=6 (full 0):
 garbage-first heap   total 78848K, used 25487K [0x00000000c1200000, 0x0000000100000000)
  region size 1024K, 2 young (2048K), 2 survivors (2048K)
 Metaspace       used 10129K, capacity 10546K, committed 10752K, reserved 1058816K
  class space    used 1324K, capacity 1471K, committed 1536K, reserved 1048576K
}
Event: 2.538 GC heap before
{Heap before GC invocations=6 (full 0):
 garbage-first heap   total 78848K, used 45967K [0x00000000c1200000, 0x0000000100000000)
  region size 1024K, 22 young (22528K), 2 survivors (2048K)
 Metaspace       used 11969K, capacity 12457K, committed 12672K, reserved 1060864K
  class space    used 1686K, capacity 1828K, committed 1920K, reserved 1048576K
}
Event: 2.542 GC heap after
{Heap after GC invocations=7 (full 0):
 garbage-first heap   total 78848K, used 26068K [0x00000000c1200000, 0x0000000100000000)
  region size 1024K, 2 young (2048K), 2 survivors (2048K)
 Metaspace       used 11969K, capacity 12457K, committed 12672K, reserved 1060864K
  class space    used 1686K, capacity 1828K, committed 1920K, reserved 1048576K
}
Event: 3.586 GC heap before
{Heap before GC invocations=7 (full 0):
 garbage-first heap   total 78848K, used 48596K [0x00000000c1200000, 0x0000000100000000)
  region size 1024K, 25 young (25600K), 2 survivors (2048K)
 Metaspace       used 14911K, capacity 15460K, committed 15616K, reserved 1062912K
  class space    used 2052K, capacity 2256K, committed 2304K, reserved 1048576K
}
Event: 3.593 GC heap after
{Heap after GC invocations=8 (full 0):
 garbage-first heap   total 78848K, used 26715K [0x00000000c1200000, 0x0000000100000000)
  region size 1024K, 3 young (3072K), 3 survivors (3072K)
 Metaspace       used 14911K, capacity 15460K, committed 15616K, reserved 1062912K
  class space    used 2052K, capacity 2256K, committed 2304K, reserved 1048576K
}
Event: 4.420 GC heap before
{Heap before GC invocations=8 (full 0):
 garbage-first heap   total 78848K, used 50267K [0x00000000c1200000, 0x0000000100000000)
  region size 1024K, 27 young (27648K), 3 survivors (3072K)
 Metaspace       used 17344K, capacity 17964K, committed 18304K, reserved 1064960K
  class space    used 2367K, capacity 2602K, committed 2688K, reserved 1048576K
}
Event: 4.427 GC heap after
{Heap after GC invocations=9 (full 0):
 garbage-first heap   total 78848K, used 27567K [0x00000000c1200000, 0x0000000100000000)
  region size 1024K, 3 young (3072K), 3 survivors (3072K)
 Metaspace       used 17344K, capacity 17964K, committed 18304K, reserved 1064960K
  class space    used 2367K, capacity 2602K, committed 2688K, reserved 1048576K
}
Event: 4.803 GC heap before
{Heap before GC invocations=9 (full 0):
 garbage-first heap   total 78848K, used 55215K [0x00000000c1200000, 0x0000000100000000)
  region size 1024K, 31 young (31744K), 3 survivors (3072K)
 Metaspace       used 17573K, capacity 18211K, committed 18304K, reserved 1064960K
  class space    used 2402K, capacity 2643K, committed 2688K, reserved 1048576K
}
Event: 4.811 GC heap after
{Heap after GC invocations=10 (full 0):
 garbage-first heap   total 78848K, used 28617K [0x00000000c1200000, 0x0000000100000000)
  region size 1024K, 3 young (3072K), 3 survivors (3072K)
 Metaspace       used 17573K, capacity 18211K, committed 18304K, reserved 1064960K
  class space    used 2402K, capacity 2643K, committed 2688K, reserved 1048576K
}
Event: 4.828 GC heap before
{Heap before GC invocations=10 (full 0):
 garbage-first heap   total 78848K, used 56265K [0x00000000c1200000, 0x0000000100000000)
  region size 1024K, 31 young (31744K), 3 survivors (3072K)
 Metaspace       used 17656K, capacity 18275K, committed 18560K, reserved 1064960K
  class space    used 2406K, capacity 2643K, committed 2688K, reserved 1048576K
}
Event: 4.833 GC heap after
{Heap after GC invocations=11 (full 0):
 garbage-first heap   total 95232K, used 28653K [0x00000000c1200000, 0x0000000100000000)
  region size 1024K, 2 young (2048K), 2 survivors (2048K)
 Metaspace       used 17656K, capacity 18275K, committed 18560K, reserved 1064960K
  class space    used 2406K, capacity 2643K, committed 2688K, reserved 1048576K
}
Event: 4.986 GC heap before
{Heap before GC invocations=11 (full 0):
 garbage-first heap   total 95232K, used 62445K [0x00000000c1200000, 0x0000000100000000)
  region size 1024K, 36 young (36864K), 2 survivors (2048K)
 Metaspace       used 17868K, capacity 18499K, committed 18560K, reserved 1064960K
  class space    used 2424K, capacity 2675K, committed 2688K, reserved 1048576K
}
Event: 4.993 GC heap after
{Heap after GC invocations=12 (full 0):
 garbage-first heap   total 95232K, used 28532K [0x00000000c1200000, 0x0000000100000000)
  region size 1024K, 2 young (2048K), 2 survivors (2048K)
 Metaspace       used 17868K, capacity 18499K, committed 18560K, reserved 1064960K
  class space    used 2424K, capacity 2675K, committed 2688K, reserved 1048576K
}
Event: 5.873 GC heap before
{Heap before GC invocations=12 (full 0):
 garbage-first heap   total 95232K, used 66420K [0x00000000c1200000, 0x0000000100000000)
  region size 1024K, 39 young (39936K), 2 survivors (2048K)
 Metaspace       used 19859K, capacity 20564K, committed 20736K, reserved 1067008K
  class space    used 2705K, capacity 2973K, committed 3072K, reserved 1048576K
}
Event: 5.880 GC heap after
{Heap after GC invocations=13 (full 0):
 garbage-first heap   total 95232K, used 29740K [0x00000000c1200000, 0x0000000100000000)
  region size 1024K, 3 young (3072K), 3 survivors (3072K)
 Metaspace       used 19859K, capacity 20564K, committed 20736K, reserved 1067008K
  class space    used 2705K, capacity 2973K, committed 3072K, reserved 1048576K
}
Event: 6.088 GC heap before
{Heap before GC invocations=13 (full 0):
 garbage-first heap   total 95232K, used 34860K [0x00000000c1200000, 0x0000000100000000)
  region size 1024K, 9 young (9216K), 3 survivors (3072K)
 Metaspace       used 20507K, capacity 21167K, committed 21248K, reserved 1067008K
  class space    used 2795K, capacity 3045K, committed 3072K, reserved 1048576K
}
Event: 6.096 GC heap after
{Heap after GC invocations=14 (full 0):
 garbage-first heap   total 95232K, used 30350K [0x00000000c1200000, 0x0000000100000000)
  region size 1024K, 4 young (4096K), 4 survivors (4096K)
 Metaspace       used 20507K, capacity 21167K, committed 21248K, reserved 1067008K
  class space    used 2795K, capacity 3045K, committed 3072K, reserved 1048576K
}

Deoptimization events (2 events):
Event: 5.529 Thread 0x00000097eb90b000 DEOPT PACKING pc=0x0000009780ae95a4 sp=0x00000097e994e930
Event: 5.529 Thread 0x00000097eb90b000 DEOPT UNPACKING pc=0x000000978004964e sp=0x00000097e994ddd0 mode 0

Classes unloaded (2 events):
Event: 6.118 Thread 0x00000097f8e13800 Unloading class 0x0000000800c1a840 'org/springframework/core/GenericTypeResolver$$Lambda$128'
Event: 6.118 Thread 0x00000097f8e13800 Unloading class 0x0000000800c1bc40 'java/lang/invoke/LambdaForm$DMH'

Classes redefined (0 events):
No events

Internal exceptions (20 events):
Event: 3.617 Thread 0x00000097eb90b000 Exception <a 'java/lang/ClassNotFoundException'{0x00000000c5e9c310}: java/lang/ObjectCustomizer> (0x00000000c5e9c310) 
thrown [t:/workspace/open/src/hotspot/share/classfile/systemDictionary.cpp, line 232]
Event: 3.620 Thread 0x00000097eb90b000 Exception <a 'java/lang/IncompatibleClassChangeError'{0x00000000c5ea01a8}: Found class java.lang.Object, but interface was expected> (0x00000000c5ea01a8) 
thrown [t:/workspace/open/src/hotspot/share/interpreter/linkResolver.cpp, line 833]
Event: 3.627 Thread 0x00000097eb90b000 Exception <a 'java/lang/ClassNotFoundException'{0x00000000c5d643c8}: org/springframework/context/annotation/ConfigurationClassPostProcessorCustomizer> (0x00000000c5d643c8) 
thrown [t:/workspace/open/src/hotspot/share/classfile/systemDictionary.cpp, line 232]
Event: 3.671 Thread 0x00000097eb90b000 Exception <a 'java/lang/ClassNotFoundException'{0x00000000c5a438a8}: org/springframework/beans/factory/support/BeanDefinitionRegistryPostProcessorCustomizer> (0x00000000c5a438a8) 
thrown [t:/workspace/open/src/hotspot/share/classfile/systemDictionary.cpp, line 232]
Event: 3.673 Thread 0x00000097eb90b000 Exception <a 'java/lang/ClassNotFoundException'{0x00000000c5abf9d8}: org/springframework/beans/factory/config/BeanFactoryPostProcessorCustomizer> (0x00000000c5abf9d8) 
thrown [t:/workspace/open/src/hotspot/share/classfile/systemDictionary.cpp, line 232]
Event: 3.675 Thread 0x00000097eb90b000 Exception <a 'java/lang/ClassNotFoundException'{0x00000000c5aefee0}: org/springframework/core/PriorityOrderedCustomizer> (0x00000000c5aefee0) 
thrown [t:/workspace/open/src/hotspot/share/classfile/systemDictionary.cpp, line 232]
Event: 3.677 Thread 0x00000097eb90b000 Exception <a 'java/lang/ClassNotFoundException'{0x00000000c5960f70}: org/springframework/core/OrderedCustomizer> (0x00000000c5960f70) 
thrown [t:/workspace/open/src/hotspot/share/classfile/systemDictionary.cpp, line 232]
Event: 3.679 Thread 0x00000097eb90b000 Exception <a 'java/lang/ClassNotFoundException'{0x00000000c599ee30}: org/springframework/context/ResourceLoaderAwareCustomizer> (0x00000000c599ee30) 
thrown [t:/workspace/open/src/hotspot/share/classfile/systemDictionary.cpp, line 232]
Event: 3.685 Thread 0x00000097eb90b000 Exception <a 'java/lang/ClassNotFoundException'{0x00000000c59cd9a8}: org/springframework/beans/factory/AwareCustomizer> (0x00000000c59cd9a8) 
thrown [t:/workspace/open/src/hotspot/share/classfile/systemDictionary.cpp, line 232]
Event: 3.687 Thread 0x00000097eb90b000 Exception <a 'java/lang/ClassNotFoundException'{0x00000000c58317c0}: org/springframework/beans/factory/BeanClassLoaderAwareCustomizer> (0x00000000c58317c0) 
thrown [t:/workspace/open/src/hotspot/share/classfile/systemDictionary.cpp, line 232]
Event: 3.689 Thread 0x00000097eb90b000 Exception <a 'java/lang/ClassNotFoundException'{0x00000000c58605a0}: org/springframework/beans/factory/AwareCustomizer> (0x00000000c58605a0) 
thrown [t:/workspace/open/src/hotspot/share/classfile/systemDictionary.cpp, line 232]
Event: 3.690 Thread 0x00000097eb90b000 Exception <a 'java/lang/ClassNotFoundException'{0x00000000c58cf4c0}: org/springframework/context/EnvironmentAwareCustomizer> (0x00000000c58cf4c0) 
thrown [t:/workspace/open/src/hotspot/share/classfile/systemDictionary.cpp, line 232]
Event: 3.692 Thread 0x00000097eb90b000 Exception <a 'java/lang/ClassNotFoundException'{0x00000000c58fdfa0}: org/springframework/beans/factory/AwareCustomizer> (0x00000000c58fdfa0) 
thrown [t:/workspace/open/src/hotspot/share/classfile/systemDictionary.cpp, line 232]
Event: 3.795 Thread 0x00000097fb371800 Exception <a 'java/lang/NoSuchMethodError'{0x00000000c541c9d0}: 'long java.lang.invoke.DirectMethodHandle$Holder.invokeStatic(java.lang.Object, java.lang.Object)'> (0x00000000c541c9d0) 
thrown [t:/workspace/open/src/hotspot/share/interpreter/linkResolver.cpp, line 767]
Event: 3.796 Thread 0x00000097fb371800 Exception <a 'java/lang/NoSuchMethodError'{0x00000000c541f6d8}: 'long java.lang.invoke.DirectMethodHandle$Holder.invokeStaticInit(java.lang.Object, java.lang.Object)'> (0x00000000c541f6d8) 
thrown [t:/workspace/open/src/hotspot/share/interpreter/linkResolver.cpp, line 767]
Event: 3.801 Thread 0x00000097fb371800 Exception <a 'java/lang/NoSuchMethodError'{0x00000000c54870a0}: 'long java.lang.invoke.DirectMethodHandle$Holder.invokeInterface(java.lang.Object, java.lang.Object)'> (0x00000000c54870a0) 
thrown [t:/workspace/open/src/hotspot/share/interpreter/linkResolver.cpp, line 767]
Event: 3.801 Thread 0x00000097fb371800 Exception <a 'java/lang/IncompatibleClassChangeError'{0x00000000c5489bc8}: Found class java.lang.Object, but interface was expected> (0x00000000c5489bc8) 
thrown [t:/workspace/open/src/hotspot/share/interpreter/linkResolver.cpp, line 833]
Event: 3.829 Thread 0x00000097fb371800 Exception <a 'java/lang/NoSuchMethodError'{0x00000000c5375520}: 'java.lang.Object java.lang.invoke.DirectMethodHandle$Holder.invokeVirtual(java.lang.Object, java.lang.Object, java.lang.Object, java.lang.Object)'> (0x00000000c5375520) 
thrown [t:/workspace/open/src/hotspot/share/interpreter/linkResolver.cpp, line 767]
Event: 4.265 Thread 0x00000097eb90b000 Exception <a 'java/lang/NoSuchMethodError'{0x00000000c4da2ab8}: 'void java.lang.invoke.DirectMethodHandle$Holder.invokeInterface(java.lang.Object, java.lang.Object, java.lang.Object, java.lang.Object)'> (0x00000000c4da2ab8) 
thrown [t:/workspace/open/src/hotspot/share/interpreter/linkResolver.cpp, line 767]
Event: 5.198 Thread 0x00000097eb90b000 Exception <a 'java/lang/IncompatibleClassChangeError'{0x00000000c69dc298}: Found class java.lang.Object, but interface was expected> (0x00000000c69dc298) 
thrown [t:/workspace/open/src/hotspot/share/interpreter/linkResolver.cpp, line 833]

Events (20 events):
Event: 6.107 loading class org/springframework/boot/autoconfigure/jdbc/metadata/DataSourcePoolMetadataProvidersConfiguration$HikariPoolDataSourceMetadataProviderConfiguration done
Event: 6.108 loading class org/springframework/boot/jdbc/metadata/DataSourcePoolMetadataProvider
Event: 6.108 loading class org/springframework/boot/jdbc/metadata/DataSourcePoolMetadataProvider done
Event: 6.113 loading class org/springframework/boot/jdbc/metadata/DataSourcePoolMetadata
Event: 6.113 loading class org/springframework/boot/jdbc/metadata/DataSourcePoolMetadata done
Event: 6.113 loading class org/springframework/boot/autoconfigure/jdbc/DataSourceAutoConfiguration
Event: 6.113 loading class org/springframework/boot/autoconfigure/jdbc/DataSourceAutoConfiguration done
Event: 6.115 loading class org/springframework/orm/jpa/support/OpenEntityManagerInViewInterceptor
Event: 6.115 loading class org/springframework/orm/jpa/support/OpenEntityManagerInViewInterceptor done
Event: 6.115 loading class org/springframework/web/context/request/AsyncWebRequestInterceptor
Event: 6.115 loading class org/springframework/web/context/request/AsyncWebRequestInterceptor done
Event: 6.115 loading class org/springframework/web/context/request/WebRequestInterceptor
Event: 6.115 loading class org/springframework/web/context/request/WebRequestInterceptor done
Event: 6.116 loading class org/springframework/orm/jpa/EntityManagerFactoryAccessor
Event: 6.116 loading class org/springframework/orm/jpa/EntityManagerFactoryAccessor done
Event: 6.117 loading class org/springframework/orm/jpa/support/OpenEntityManagerInViewFilter
Event: 6.117 loading class org/springframework/orm/jpa/support/OpenEntityManagerInViewFilter done
Event: 6.118 Executing VM operation: G1Concurrent
Event: 6.122 Executing VM operation: G1Concurrent done
Event: 6.132 Executing VM operation: G1Concurrent


Dynamic libraries:
0x00007ff689050000 - 0x00007ff68905f000 	C:\Program Files\Java\jdk-13.0.1\bin\javaw.exe
0x00007ffbc96d0000 - 0x00007ffbc9892000 	C:\Windows\SYSTEM32\ntdll.dll
0x00007ffbc8dc0000 - 0x00007ffbc8e6d000 	C:\Windows\system32\KERNEL32.DLL
0x00007ffbc6af0000 - 0x00007ffbc6ccd000 	C:\Windows\system32\KERNELBASE.dll
0x00007ffbb7660000 - 0x00007ffbb7678000 	C:\Program Files\Java\jdk-13.0.1\bin\jli.dll
0x00007ffbb7430000 - 0x00007ffbb7445000 	C:\Program Files\Java\jdk-13.0.1\bin\VCRUNTIME140.dll
0x00007ffbc8900000 - 0x00007ffbc89a6000 	C:\Windows\system32\ADVAPI32.dll
0x00007ffbbab90000 - 0x00007ffbbac82000 	C:\Windows\SYSTEM32\ucrtbase.dll
0x00007ffbc8ed0000 - 0x00007ffbc8f6d000 	C:\Windows\system32\msvcrt.dll
0x00007ffbc8840000 - 0x00007ffbc889b000 	C:\Windows\system32\sechost.dll
0x00007ffbc7080000 - 0x00007ffbc71a6000 	C:\Windows\system32\RPCRT4.dll
0x00007ffbc6da0000 - 0x00007ffbc6eee000 	C:\Windows\system32\USER32.dll
0x00007ffbc8a80000 - 0x00007ffbc8c03000 	C:\Windows\system32\GDI32.dll
0x00007ffbbcd30000 - 0x00007ffbbcfa4000 	C:\Windows\WinSxS\amd64_microsoft.windows.common-controls_6595b64144ccf1df_6.0.10240.17184_none_f41d7a705752bce6\COMCTL32.dll
0x00007ffbbebe0000 - 0x00007ffbbebea000 	C:\Windows\SYSTEM32\VERSION.dll
0x00007ffbc7040000 - 0x00007ffbc7076000 	C:\Windows\system32\IMM32.DLL
0x00007ffbc86e0000 - 0x00007ffbc883c000 	C:\Windows\system32\MSCTF.dll
0x00007ffbaf5b0000 - 0x00007ffbaf64b000 	C:\Program Files\Java\jdk-13.0.1\bin\msvcp140.dll
0x00007ffb9aa10000 - 0x00007ffb9b576000 	C:\Program Files\Java\jdk-13.0.1\bin\server\jvm.dll
0x00007ffbc6d90000 - 0x00007ffbc6d98000 	C:\Windows\system32\PSAPI.DLL
0x00007ffbc3cc0000 - 0x00007ffbc3cc9000 	C:\Windows\SYSTEM32\WSOCK32.dll
0x00007ffbc4760000 - 0x00007ffbc4783000 	C:\Windows\SYSTEM32\WINMM.dll
0x00007ffbc91a0000 - 0x00007ffbc9209000 	C:\Windows\system32\WS2_32.dll
0x00007ffbc9280000 - 0x00007ffbc9288000 	C:\Windows\system32\NSI.dll
0x00007ffbc31d0000 - 0x00007ffbc31fc000 	C:\Windows\SYSTEM32\WINMMBASE.dll
0x00007ffbc69f0000 - 0x00007ffbc6a34000 	C:\Windows\system32\cfgmgr32.dll
0x00007ffbc4a90000 - 0x00007ffbc4ab7000 	C:\Windows\SYSTEM32\DEVOBJ.dll
0x00007ffbc6130000 - 0x00007ffbc613f000 	C:\Windows\system32\kernel.appcore.dll
0x00007ffbc0860000 - 0x00007ffbc0870000 	C:\Program Files\Java\jdk-13.0.1\bin\verify.dll
0x00007ffbc3350000 - 0x00007ffbc34da000 	C:\Windows\SYSTEM32\DBGHELP.DLL
0x00007ffbbebb0000 - 0x00007ffbbebd5000 	C:\Windows\SYSTEM32\dbgcore.DLL
0x00007ffbab4b0000 - 0x00007ffbab4d6000 	C:\Program Files\Java\jdk-13.0.1\bin\java.dll
0x00007ffbb1ee0000 - 0x00007ffbb1ef7000 	C:\Program Files\Java\jdk-13.0.1\bin\zip.dll
0x00007ffbbc070000 - 0x00007ffbbc07a000 	C:\Program Files\Java\jdk-13.0.1\bin\jimage.dll
0x00007ffbc71b0000 - 0x00007ffbc86d3000 	C:\Windows\system32\SHELL32.dll
0x00007ffbc6190000 - 0x00007ffbc67b9000 	C:\Windows\system32\windows.storage.dll
0x00007ffbc9450000 - 0x00007ffbc96cc000 	C:\Windows\system32\combase.dll
0x00007ffbc88a0000 - 0x00007ffbc88f1000 	C:\Windows\system32\shlwapi.dll
0x00007ffbc6cd0000 - 0x00007ffbc6d83000 	C:\Windows\system32\shcore.dll
0x00007ffbc6140000 - 0x00007ffbc618a000 	C:\Windows\system32\powrprof.dll
0x00007ffbc60f0000 - 0x00007ffbc6103000 	C:\Windows\system32\profapi.dll
0x00007ffbb2130000 - 0x00007ffbb2149000 	C:\Program Files\Java\jdk-13.0.1\bin\net.dll
0x00007ffbbe410000 - 0x00007ffbbe4e6000 	C:\Windows\SYSTEM32\WINHTTP.dll
0x00007ffbc5950000 - 0x00007ffbc59ad000 	C:\Windows\system32\mswsock.dll
0x00007ffbb2110000 - 0x00007ffbb2123000 	C:\Program Files\Java\jdk-13.0.1\bin\nio.dll
0x00007ffbb5930000 - 0x00007ffbb5939000 	C:\Program Files\Java\jdk-13.0.1\bin\management.dll
0x00007ffbb5140000 - 0x00007ffbb514b000 	C:\Program Files\Java\jdk-13.0.1\bin\management_ext.dll
0x00007ffbb7b50000 - 0x00007ffbb7b65000 	C:\Windows\system32\napinsp.dll
0x00007ffbb7b30000 - 0x00007ffbb7b4a000 	C:\Windows\system32\pnrpnsp.dll
0x00007ffbc4000000 - 0x00007ffbc4018000 	C:\Windows\system32\NLAapi.dll
0x00007ffbc5710000 - 0x00007ffbc57b8000 	C:\Windows\SYSTEM32\DNSAPI.dll
0x00007ffbb7d20000 - 0x00007ffbb7d2d000 	C:\Windows\System32\winrnr.dll
0x00007ffbb7b70000 - 0x00007ffbb7b85000 	C:\Windows\system32\wshbth.dll
0x00007ffbbc3f0000 - 0x00007ffbbc3fa000 	C:\Windows\System32\rasadhlp.dll
0x00007ffbbd9e0000 - 0x00007ffbbda18000 	C:\Windows\SYSTEM32\IPHLPAPI.DLL
0x00007ffbbe380000 - 0x00007ffbbe38b000 	C:\Windows\SYSTEM32\WINNSI.DLL
0x00007ffbbd1e0000 - 0x00007ffbbd248000 	C:\Windows\System32\fwpuclnt.dll
0x00007ffbc5c30000 - 0x00007ffbc5c58000 	C:\Windows\SYSTEM32\bcrypt.dll
0x00007ffbc59b0000 - 0x00007ffbc59c7000 	C:\Windows\SYSTEM32\CRYPTSP.dll
0x00007ffbc5600000 - 0x00007ffbc5633000 	C:\Windows\system32\rsaenh.dll
0x00007ffbc56f0000 - 0x00007ffbc570f000 	C:\Windows\SYSTEM32\USERENV.dll
0x00007ffbc5f40000 - 0x00007ffbc5fab000 	C:\Windows\system32\bcryptprimitives.dll
0x00007ffbc5b30000 - 0x00007ffbc5b3b000 	C:\Windows\SYSTEM32\CRYPTBASE.dll
0x00007ffbbd1b0000 - 0x00007ffbbd1c6000 	C:\Windows\SYSTEM32\dhcpcsvc6.DLL
0x00007ffbbd640000 - 0x00007ffbbd65a000 	C:\Windows\SYSTEM32\dhcpcsvc.DLL

dbghelp: loaded successfully - version: 4.0.5 - missing functions: none
symbol engine: initialized successfully - sym options: 0x614 - pdb path: .;C:\Program Files\Java\jdk-13.0.1\bin;C:\Windows\SYSTEM32;C:\Windows\WinSxS\amd64_microsoft.windows.common-controls_6595b64144ccf1df_6.0.10240.17184_none_f41d7a705752bce6;C:\Program Files\Java\jdk-13.0.1\bin\server

VM Arguments:
jvm_args: -Dcom.sun.management.jmxremote -Dcom.sun.management.jmxremote.port=60802 -Dcom.sun.management.jmxremote.authenticate=false -Dcom.sun.management.jmxremote.ssl=false -Djava.rmi.server.hostname=localhost -Dspring.jmx.enabled=true -Dspring.application.admin.enabled=true -Xverify:none -XX:TieredStopAtLevel=1 -Dspring.boot.project.name=BookstoreApi-s -Dfile.encoding=UTF-8 
java_command: com.bridgelabz.bookstore.BookStoreApplication --spring.output.ansi.enabled=always
java_class_path (initial): E:\TeamTask\BookstoreApi-s\target\classes;C:\Users\Hello\.m2\repository\org\springframework\boot\spring-boot-starter-web\2.2.6.RELEASE\spring-boot-starter-web-2.2.6.RELEASE.jar;C:\Users\Hello\.m2\repository\org\springframework\boot\spring-boot-starter\2.2.6.RELEASE\spring-boot-starter-2.2.6.RELEASE.jar;C:\Users\Hello\.m2\repository\org\springframework\boot\spring-boot\2.2.6.RELEASE\spring-boot-2.2.6.RELEASE.jar;C:\Users\Hello\.m2\repository\org\springframework\boot\spring-boot-autoconfigure\2.2.6.RELEASE\spring-boot-autoconfigure-2.2.6.RELEASE.jar;C:\Users\Hello\.m2\repository\org\springframework\boot\spring-boot-starter-logging\2.2.6.RELEASE\spring-boot-starter-logging-2.2.6.RELEASE.jar;C:\Users\Hello\.m2\repository\ch\qos\logback\logback-classic\1.2.3\logback-classic-1.2.3.jar;C:\Users\Hello\.m2\repository\ch\qos\logback\logback-core\1.2.3\logback-core-1.2.3.jar;C:\Users\Hello\.m2\repository\org\apache\logging\log4j\log4j-to-slf4j\2.12.1\log4j-to-slf4j-2.12.1.jar;C:\Users\Hello\.m2\repository\org\slf4j\jul-to-slf4j\1.7.30\jul-to-slf4j-1.7.30.jar;C:\Users\Hello\.m2\repository\jakarta\annotation\jakarta.annotation-api\1.3.5\jakarta.annotation-api-1.3.5.jar;C:\Users\Hello\.m2\repository\org\yaml\snakeyaml\1.25\snakeyaml-1.25.jar;C:\Users\Hello\.m2\repository\org\springframework\boot\spring-boot-starter-json\2.2.6.RELEASE\spring-boot-starter-json-2.2.6.RELEASE.jar;C:\Users\Hello\.m2\repository\com\fasterxml\jackson\datatype\jackson-datatype-jdk8\2.10.3\jackson-datatype-jdk8-2.10.3.jar;C:\Users\Hello\.m2\repository\com\fasterxml\jackson\datatype\jackson-datatype-jsr310\2.10.3\jackson-datatype-jsr310-2.10.3.jar;C:\Users\Hello\.m2\repository\com\fasterxml\jackson\module\jackson-module-parameter-names\2.10.3\jackson-module-parameter-names-2.10.3.jar;C:\Users\Hello\.m2\repository\org\springframework\boot\spring-boot-starter-tomcat\2.2.6.RELEASE\spring-boot-starter-tomcat-2.2.6.RELEASE.jar;C:\Users\Hello\.m2\repository\org\apache\tomcat\embed\to
Launcher Type: SUN_STANDARD

[Global flags]
     intx CICompilerCount                          = 3                                         {product} {ergonomic}
     uint ConcGCThreads                            = 1                                         {product} {ergonomic}
     uint G1ConcRefinementThreads                  = 4                                         {product} {ergonomic}
   size_t G1HeapRegionSize                         = 1048576                                   {product} {ergonomic}
    uintx GCDrainStackTargetSize                   = 64                                        {product} {ergonomic}
   size_t InitialHeapSize                          = 67108864                                  {product} {ergonomic}
     bool ManagementServer                         = true                                      {product} {command line}
   size_t MarkStackSize                            = 4194304                                   {product} {ergonomic}
   size_t MaxHeapSize                              = 1054867456                                {product} {ergonomic}
   size_t MaxNewSize                               = 632291328                                 {product} {ergonomic}
   size_t MinHeapDeltaBytes                        = 1048576                                   {product} {ergonomic}
   size_t MinHeapSize                              = 8388608                                   {product} {ergonomic}
    uintx NonNMethodCodeHeapSize                   = 6973028                                {pd product} {ergonomic}
    uintx NonProfiledCodeHeapSize                  = 244685212                              {pd product} {ergonomic}
    uintx ProfiledCodeHeapSize                     = 0                                      {pd product} {ergonomic}
    uintx ReservedCodeCacheSize                    = 251658240                              {pd product} {ergonomic}
     bool SegmentedCodeCache                       = true                                      {product} {ergonomic}
   size_t SoftMaxHeapSize                          = 1054867456                             {manageable} {ergonomic}
     intx TieredStopAtLevel                        = 1                                         {product} {command line}
     bool UseCompressedClassPointers               = true                                 {lp64_product} {ergonomic}
     bool UseCompressedOops                        = true                                 {lp64_product} {ergonomic}
     bool UseG1GC                                  = true                                      {product} {ergonomic}
     bool UseLargePagesIndividualAllocation        = false                                  {pd product} {ergonomic}

Logging:
Log output configuration:
 #0: stdout all=warning uptime,level,tags
 #1: stderr all=off uptime,level,tags

Environment Variables:
JRE_HOME=C:\Program Files\Java\jre1.8.0_131\bin;
CLASSPATH=C:\Program Files\Java\jdk1.8.0_74\lib;C:\Program Files\Apache Software Foundation\Tomcat 6.0\lib\servlet-api.jar;
PATH=C:/Program Files/Java/jdk-13.0.1/bin/server;C:/Program Files/Java/jdk-13.0.1/bin;C:\PROGRA~2\RATIONAL\RATION~1\NUTCROOT\bin;C:\PROGRA~2\RATIONAL\RATION~1\NUTCROOT\bin\x11;C:\PROGRA~2\RATIONAL\RATION~1\NUTCROOT\mksnt;C:\Program Files\Java\jdk-13.0.1\bin;C:\Program Files\Git\cmd;C:\Program Files (x86)\Rational\common;C:\Program Files (x86)\Rational\ClearQuest;C:\Program Files (x86)\Rational\Rose\TopLink\;C:\Program Files (x86)\Rational\Rational Test;C:\Program Files\nodejs\;C:\Program Files\Microsoft SQL Server\120\Tools\Binn\;C:\Program Files\Microsoft SQL Server\Client SDK\ODBC\110\Tools\Binn\;C:\Program Files (x86)\Microsoft SQL Server\120\Tools\Binn\;C:\Program Files\Microsoft SQL Server\120\DTS\Binn\;C:\Program Files (x86)\Microsoft SQL Server\120\Tools\Binn\ManagementStudio\;C:\Program Files (x86)\Microsoft SQL Server\120\DTS\Binn\;C:\Users\Hello\AppData\Local\Programs\Microsoft VS Code\bin;C:\Users\Hello\AppData\Roaming\npm;C:\Program Files\JetBrains\IntelliJ IDEA Community Edition 2020.1\bin;;C:\Users\Hello\Desktop\sts-4.6.1.RELEASE;
USERNAME=Hello
SHELL=C:\PROGRA~2\RATIONAL\RATION~1\NUTCROOT\mksnt\sh.exe
DISPLAY=:0.0
OS=Windows_NT
PROCESSOR_IDENTIFIER=Intel64 Family 6 Model 61 Stepping 4, GenuineIntel



---------------  S Y S T E M  ---------------

OS: Windows 10 , 64 bit Build 10240 (10.0.10240.17113)

CPU:total 4 (initial active 4) (2 cores per cpu, 2 threads per core) family 6 model 61 stepping 4, cmov, cx8, fxsr, mmx, sse, sse2, sse3, ssse3, sse4.1, sse4.2, popcnt, avx, avx2, aes, clmul, erms, 3dnowpref, lzcnt, ht, tsc, tscinvbit, bmi1, bmi2, adx, fma

Memory: 4k page, system-wide physical 4016M (750M free)
TotalPageFile size 10585M (AvailPageFile size 5614M)
current process WorkingSet (physical memory assigned to process): 151M, peak: 151M
current process commit charge ("private bytes"): 216M, peak: 216M

vm_info: Java HotSpot(TM) 64-Bit Server VM (13.0.1+9) for windows-amd64 JRE (13.0.1+9), built on Oct  6 2019 12:37:49 by "mach5one" with unknown MS VC++:1916

END.
