#
# A fatal error has been detected by the Java Runtime Environment:
#
#  EXCEPTION_ACCESS_VIOLATION (0xc0000005) at pc=0x00007ffb9b0c5219, pid=18360, tid=10984
#
# JRE version: Java(TM) SE Runtime Environment (13.0.1+9) (build 13.0.1+9)
# Java VM: Java HotSpot(TM) 64-Bit Server VM (13.0.1+9, mixed mode, sharing, tiered, compressed oops, g1 gc, windows-amd64)
# Problematic frame:
# V  [kernel.appcore.dll+0x6b5219]
#
# No core dump will be written. Minidumps are not enabled by default on client versions of Windows
#
# If you would like to submit a bug report, please visit:
#   http://bugreport.java.com/bugreport/crash.jsp
#

---------------  S U M M A R Y ------------

Command Line: -Dcom.sun.management.jmxremote -Dcom.sun.management.jmxremote.port=60799 -Dcom.sun.management.jmxremote.authenticate=false -Dcom.sun.management.jmxremote.ssl=false -Djava.rmi.server.hostname=localhost -Dspring.jmx.enabled=true -Dspring.application.admin.enabled=true -Xverify:none -XX:TieredStopAtLevel=1 -Dspring.boot.project.name=BookstoreApi-s -Dfile.encoding=UTF-8 com.bridgelabz.bookstore.BookStoreApplication --spring.output.ansi.enabled=always

Host: Intel(R) Core(TM) i3-5005U CPU @ 2.00GHz, 4 cores, 3G,  Windows 10 , 64 bit Build 10240 (10.0.10240.17113)
Time: Mon May 11 10:11:07 2020 India Standard Time elapsed time: 5 seconds (0d 0h 0m 5s)

---------------  T H R E A D  ---------------

Current thread (0x000000923780c800):  WatcherThread [stack: 0x00000092389e0000,0x0000009238ae0000] [id=10984]

Stack: [0x00000092389e0000,0x0000009238ae0000],  sp=0x0000009238adf520,  free space=1021k
Native frames: (J=compiled Java code, j=interpreted, Vv=VM code, C=native code)
V  [jvm.dll+0x6b5219]
V  [jvm.dll+0x7047bd]
V  [jvm.dll+0x738c7f]
V  [jvm.dll+0x731c0a]
V  [jvm.dll+0x6260c6]
C  [ucrtbase.dll+0x6829d]
C  [KERNEL32.DLL+0x12d92]
C  [ntdll.dll+0x9f64]


siginfo: EXCEPTION_ACCESS_VIOLATION (0xc0000005), reading address 0x000000920000000f


Register to memory mapping:

RIP=0x00007ffb9b0c5219 jvm.dll
RAX=0x00000092377b4400 points into unknown readable memory: 0f 00 00 00 92 00 00 00
RBX=0x0 is NULL
RCX=0x000000920000000f is an unknown value
RDX=0x0000000000000032 is an unknown value
RSP=0x0000009238adf520 points into unknown readable memory: fd ff ff ff 00 00 00 00
RBP=0x0000000000000002 is an unknown value
RSI=0x00000092377b4240 points into unknown readable memory: d0 9e 80 37 92 00 00 00
RDI=0x0 is NULL
R8 =0x0000000000000031 is an unknown value
R9 =0x00000000000005b4 is an unknown value
R10=0x0000000000000020 is an unknown value
R11=0x0000000000000004 is an unknown value
R12=0x0 is NULL
R13=0x000000923780c800 points into unknown readable memory: e8 af 2e 9b fb 7f 00 00
R14=0x0000000000000001 is an unknown value
R15=0x00000092377107a0 points into unknown readable memory: 00 00 00 00 00 00 00 00


Registers:
RAX=0x00000092377b4400, RBX=0x0000000000000000, RCX=0x000000920000000f, RDX=0x0000000000000032
RSP=0x0000009238adf520, RBP=0x0000000000000002, RSI=0x00000092377b4240, RDI=0x0000000000000000
R8 =0x0000000000000031, R9 =0x00000000000005b4, R10=0x0000000000000020, R11=0x0000000000000004
R12=0x0000000000000000, R13=0x000000923780c800, R14=0x0000000000000001, R15=0x00000092377107a0
RIP=0x00007ffb9b0c5219, EFLAGS=0x0000000000010202

Top of Stack: (sp=0x0000009238adf520)
0x0000009238adf520:   00000000fffffffd 00007ffb9b036939
0x0000009238adf530:   0000000000000000 0000000000000000
0x0000009238adf540:   00007ffb9b4be8c8 00007ffb9b1147bd
0x0000009238adf550:   0000000000000001 0000009218f23340
0x0000009238adf560:   00000092377af310 0000000000000000
0x0000009238adf570:   00000092377107a0 0002e9f4beac8355
0x0000009238adf580:   0000000000000001 00007ffb9b148c7f
0x0000009238adf590:   0000000000000001 0000009218f23340
0x0000009238adf5a0:   0000000000000001 0000000000000002
0x0000009238adf5b0:   0000000000000000 00007ffb9b00c6c3
0x0000009238adf5c0:   0000000000000000 00007ffb9b0356cf
0x0000009238adf5d0:   0000000000000000 0000000000000000
0x0000009238adf5e0:   0000009218f24270 00007ffb9b14703f
0x0000009238adf5f0:   000000923780c800 0000000000000000
0x0000009238adf600:   0000009237809840 0000009238adf780
0x0000009238adf610:   000000923780c800 00007ffb9b141c0a 

Instructions: (pc=0x00007ffb9b0c5219)
0x00007ffb9b0c5119:   00 00 74 6c 48 83 3d db 75 3e 00 00 75 62 48 89
0x00007ffb9b0c5129:   5c 24 20 e8 2f fb ff ff e8 0a aa f9 ff 45 33 c0
0x00007ffb9b0c5139:   48 89 05 c8 75 3e 00 41 8d 50 08 8d 4a 08 e8 24
0x00007ffb9b0c5149:   58 a0 ff 48 8b d8 48 85 c0 74 1b 48 63 15 8d 86
0x00007ffb9b0c5159:   34 00 48 8b c8 e8 ad f3 04 00 48 8d 05 5e 06 22
0x00007ffb9b0c5169:   00 48 89 03 eb 02 33 db 48 8b cb 48 89 1d 85 75
0x00007ffb9b0c5179:   3e 00 48 8b 5c 24 20 48 83 c4 28 e9 07 f5 04 00
0x00007ffb9b0c5189:   48 83 c4 28 c3 cc cc 48 89 5c 24 10 56 48 83 ec
0x00007ffb9b0c5199:   20 48 8b 01 33 db 48 8b f1 39 18 7e 2a 48 89 7c
0x00007ffb9b0c51a9:   24 30 8b fb 0f 1f 00 48 8b 40 18 48 8b 0c 07 48
0x00007ffb9b0c51b9:   8b 01 ff 50 08 48 8b 06 48 8d 7f 08 ff c3 3b 18
0x00007ffb9b0c51c9:   7c e5 48 8b 7c 24 30 48 8b 5c 24 38 48 83 c4 20
0x00007ffb9b0c51d9:   5e c3 cc cc cc cc cc e9 7b bb f6 ff cc cc cc cc
0x00007ffb9b0c51e9:   cc cc cc cc cc cc cc 48 89 5c 24 10 56 48 83 ec
0x00007ffb9b0c51f9:   20 48 8b 35 07 75 3e 00 33 db 48 8b 06 39 18 7e
0x00007ffb9b0c5209:   27 48 89 7c 24 30 8b fb 48 8b 40 18 48 8b 0c 07
0x00007ffb9b0c5219:   48 8b 01 ff 50 08 48 8b 06 48 8d 7f 08 ff c3 3b
0x00007ffb9b0c5229:   18 7c e5 48 8b 7c 24 30 48 8b 5c 24 38 48 83 c4
0x00007ffb9b0c5239:   20 5e c3 cc cc cc cc 48 85 d2 48 8d 05 d6 7e 1c
0x00007ffb9b0c5249:   00 48 89 01 4c 8d 0d 84 6f 1d 00 4c 89 49 08 48
0x00007ffb9b0c5259:   8d 41 08 48 0f 44 d1 4d 85 c0 48 89 51 10 49 0f
0x00007ffb9b0c5269:   45 c0 48 89 41 18 48 8b c1 c3 cc cc cc cc cc cc
0x00007ffb9b0c5279:   cc cc cc cc cc cc cc 40 53 48 81 ec b0 00 00 00
0x00007ffb9b0c5289:   48 8b d9 48 8d 4c 24 20 e8 3a 02 00 00 48 8d 54
0x00007ffb9b0c5299:   24 20 48 8b cb e8 0d 0e 00 00 48 81 c4 b0 00 00
0x00007ffb9b0c52a9:   00 5b c3 cc cc cc cc 48 83 ec 28 e8 07 66 95 ff
0x00007ffb9b0c52b9:   48 83 c4 28 e9 be 0f 00 00 cc cc cc cc cc cc cc
0x00007ffb9b0c52c9:   cc cc cc cc cc cc cc 40 53 48 83 ec 20 0f b6 d9
0x00007ffb9b0c52d9:   e8 e2 00 00 00 0f b6 cb 48 83 c4 20 5b e9 b5 10
0x00007ffb9b0c52e9:   00 00 cc cc cc cc cc 48 89 5c 24 08 57 48 83 ec
0x00007ffb9b0c52f9:   20 8b da 48 8b f9 e8 ec 00 00 00 8b d3 48 8b cf
0x00007ffb9b0c5309:   48 8b 5c 24 30 48 83 c4 20 5f e9 68 19 00 00 cc 


Stack slot to memory mapping:
stack at sp + 0 slots: 
[error occurred during error reporting (inspecting top of stack), id 0xc0000005, EXCEPTION_ACCESS_VIOLATION (0xc0000005) at pc=0x00007ffb9acf874f]


---------------  P R O C E S S  ---------------

Threads class SMR info:
_java_thread_list=0x00000092377c48b0, length=12, elements={
0x0000009218f27000, 0x0000009235335000, 0x0000009235338800, 0x000000923535c800,
0x000000923535d800, 0x000000923535e800, 0x0000009235360000, 0x000000923531d800,
0x0000009236512800, 0x00000092377ba800, 0x00000092377c0000, 0x00000092377fc800
}

Java Threads: ( => current thread )
  0x0000009218f27000 JavaThread "main" [_thread_in_native, id=13900, stack(0x0000009216e90000,0x0000009216f90000)]
  0x0000009235335000 JavaThread "Reference Handler" daemon [_thread_blocked, id=19384, stack(0x0000009235ce0000,0x0000009235de0000)]
  0x0000009235338800 JavaThread "Finalizer" daemon [_thread_blocked, id=18860, stack(0x0000009235de0000,0x0000009235ee0000)]
  0x000000923535c800 JavaThread "Signal Dispatcher" daemon [_thread_blocked, id=12160, stack(0x0000009235fd0000,0x00000092360d0000)]
  0x000000923535d800 JavaThread "Attach Listener" daemon [_thread_blocked, id=16152, stack(0x00000092360d0000,0x00000092361d0000)]
  0x000000923535e800 JavaThread "C1 CompilerThread0" daemon [_thread_blocked, id=2436, stack(0x00000092361d0000,0x00000092362d0000)]
  0x0000009235360000 JavaThread "Sweeper thread" daemon [_thread_blocked, id=9464, stack(0x00000092362d0000,0x00000092363d0000)]
  0x000000923531d800 JavaThread "Common-Cleaner" daemon [_thread_blocked, id=13184, stack(0x00000092367d0000,0x00000092368d0000)]
  0x0000009236512800 JavaThread "Service Thread" daemon [_thread_blocked, id=7932, stack(0x00000092368d0000,0x00000092369d0000)]
  0x00000092377ba800 JavaThread "RMI TCP Accept-0" daemon [_thread_in_native, id=11548, stack(0x00000092385e0000,0x00000092386e0000)]
  0x00000092377c0000 JavaThread "RMI TCP Accept-60799" daemon [_thread_in_native, id=16012, stack(0x00000092387e0000,0x00000092388e0000)]
  0x00000092377fc800 JavaThread "RMI TCP Accept-0" daemon [_thread_in_native, id=5372, stack(0x00000092388e0000,0x00000092389e0000)]

Other Threads:
  0x0000009235333800 VMThread "VM Thread" [stack: 0x0000009235be0000,0x0000009235ce0000] [id=15228]
=>0x000000923780c800 WatcherThread [stack: 0x00000092389e0000,0x0000009238ae0000] [id=10984]
  0x0000009218f56800 GCTaskThread "GC Thread#0" [stack: 0x0000009218df0000,0x0000009218ef0000] [id=12756]
  0x00000092367c8000 GCTaskThread "GC Thread#1" [stack: 0x00000092371d0000,0x00000092372d0000] [id=17508]
  0x0000009218f62000 ConcurrentGCThread "G1 Main Marker" [stack: 0x00000092329a0000,0x0000009232aa0000] [id=15976]
  0x0000009218f63800 ConcurrentGCThread "G1 Conc#0" [stack: 0x0000009232aa0000,0x0000009232ba0000] [id=16356]
  0x0000009218fbf800 ConcurrentGCThread "G1 Refine#0" [stack: 0x0000009234fe0000,0x00000092350e0000] [id=8156]
  0x0000009218fc1800 ConcurrentGCThread "G1 Young RemSet Sampling" [stack: 0x00000092350e0000,0x00000092351e0000] [id=12492]

Threads with active compile tasks:

VM state:not at safepoint (normal execution)

VM Mutex/Monitor currently owned by a thread:  ([mutex/lock_event])
[0x0000009218f23340] PeriodicTask_lock - owner thread: 0x000000923780c800

Heap address: 0x00000000c1200000, size: 1006 MB, Compressed Oops mode: 32-bit
Narrow klass base: 0x0000000800000000, Narrow klass shift: 3
Compressed class space size: 1073741824 Address: 0x0000000800b40000

Heap:
 garbage-first heap   total 65536K, used 28802K [0x00000000c1200000, 0x0000000100000000)
  region size 1024K, 12 young (12288K), 1 survivors (1024K)
 Metaspace       used 5080K, capacity 5506K, committed 5632K, reserved 1056768K
  class space    used 630K, capacity 744K, committed 768K, reserved 1048576K
Heap Regions: E=young(eden), S=young(survivor), O=old, HS=humongous(starts), HC=humongous(continues), CS=collection set, F=free, A=archive, TAMS=top-at-mark-start (previous, next)
|   0|0x00000000c1200000, 0x00000000c1300000, 0x00000000c1300000|100%|HS|  |TAMS 0x00000000c1200000, 0x00000000c1200000| Complete 
|   1|0x00000000c1300000, 0x00000000c1400000, 0x00000000c1400000|100%|HS|  |TAMS 0x00000000c1300000, 0x00000000c1300000| Complete 
|   2|0x00000000c1400000, 0x00000000c1500000, 0x00000000c1500000|100%| O|  |TAMS 0x00000000c1400000, 0x00000000c1400000| Untracked 
|   3|0x00000000c1500000, 0x00000000c1600000, 0x00000000c1600000|100%| O|  |TAMS 0x00000000c1500000, 0x00000000c1500000| Untracked 
|   4|0x00000000c1600000, 0x00000000c1700000, 0x00000000c1700000|100%| O|  |TAMS 0x00000000c1600000, 0x00000000c1600000| Untracked 
|   5|0x00000000c1700000, 0x00000000c1800000, 0x00000000c1800000|100%| O|  |TAMS 0x00000000c1700000, 0x00000000c1700000| Untracked 
|   6|0x00000000c1800000, 0x00000000c1900000, 0x00000000c1900000|100%| O|  |TAMS 0x00000000c1800000, 0x00000000c1800000| Untracked 
|   7|0x00000000c1900000, 0x00000000c1a00000, 0x00000000c1a00000|100%| O|  |TAMS 0x00000000c1900000, 0x00000000c1900000| Untracked 
|   8|0x00000000c1a00000, 0x00000000c1b00000, 0x00000000c1b00000|100%| O|  |TAMS 0x00000000c1a00000, 0x00000000c1a00000| Untracked 
|   9|0x00000000c1b00000, 0x00000000c1c00000, 0x00000000c1c00000|100%| O|  |TAMS 0x00000000c1b00000, 0x00000000c1b00000| Untracked 
|  10|0x00000000c1c00000, 0x00000000c1d00000, 0x00000000c1d00000|100%| O|  |TAMS 0x00000000c1c00000, 0x00000000c1c00000| Untracked 
|  11|0x00000000c1d00000, 0x00000000c1e00000, 0x00000000c1e00000|100%| O|  |TAMS 0x00000000c1d00000, 0x00000000c1d00000| Untracked 
|  12|0x00000000c1e00000, 0x00000000c1f00000, 0x00000000c1f00000|100%| O|  |TAMS 0x00000000c1e00000, 0x00000000c1e00000| Untracked 
|  13|0x00000000c1f00000, 0x00000000c2000000, 0x00000000c2000000|100%| O|  |TAMS 0x00000000c1f00000, 0x00000000c1f00000| Untracked 
|  14|0x00000000c2000000, 0x00000000c2100000, 0x00000000c2100000|100%| O|  |TAMS 0x00000000c2000000, 0x00000000c2000000| Untracked 
|  15|0x00000000c2100000, 0x00000000c2200000, 0x00000000c2200000|100%| O|  |TAMS 0x00000000c2100000, 0x00000000c2100000| Untracked 
|  16|0x00000000c2200000, 0x00000000c2300000, 0x00000000c2300000|100%| O|  |TAMS 0x00000000c2200000, 0x00000000c2200000| Untracked 
|  17|0x00000000c2300000, 0x00000000c2320800, 0x00000000c2400000| 12%| O|  |TAMS 0x00000000c2300000, 0x00000000c2300000| Untracked 
|  18|0x00000000c2400000, 0x00000000c2500000, 0x00000000c2500000|100%|HS|  |TAMS 0x00000000c2400000, 0x00000000c2400000| Complete 
|  19|0x00000000c2500000, 0x00000000c2500000, 0x00000000c2600000|  0%| F|  |TAMS 0x00000000c2500000, 0x00000000c2500000| Untracked 
|  20|0x00000000c2600000, 0x00000000c2600000, 0x00000000c2700000|  0%| F|  |TAMS 0x00000000c2600000, 0x00000000c2600000| Untracked 
|  21|0x00000000c2700000, 0x00000000c2700000, 0x00000000c2800000|  0%| F|  |TAMS 0x00000000c2700000, 0x00000000c2700000| Untracked 
|  22|0x00000000c2800000, 0x00000000c2800000, 0x00000000c2900000|  0%| F|  |TAMS 0x00000000c2800000, 0x00000000c2800000| Untracked 
|  23|0x00000000c2900000, 0x00000000c2900000, 0x00000000c2a00000|  0%| F|  |TAMS 0x00000000c2900000, 0x00000000c2900000| Untracked 
|  24|0x00000000c2a00000, 0x00000000c2a00000, 0x00000000c2b00000|  0%| F|  |TAMS 0x00000000c2a00000, 0x00000000c2a00000| Untracked 
|  25|0x00000000c2b00000, 0x00000000c2b00000, 0x00000000c2c00000|  0%| F|  |TAMS 0x00000000c2b00000, 0x00000000c2b00000| Untracked 
|  26|0x00000000c2c00000, 0x00000000c2c00000, 0x00000000c2d00000|  0%| F|  |TAMS 0x00000000c2c00000, 0x00000000c2c00000| Untracked 
|  27|0x00000000c2d00000, 0x00000000c2d00000, 0x00000000c2e00000|  0%| F|  |TAMS 0x00000000c2d00000, 0x00000000c2d00000| Untracked 
|  28|0x00000000c2e00000, 0x00000000c2e00000, 0x00000000c2f00000|  0%| F|  |TAMS 0x00000000c2e00000, 0x00000000c2e00000| Untracked 
|  29|0x00000000c2f00000, 0x00000000c2f00000, 0x00000000c3000000|  0%| F|  |TAMS 0x00000000c2f00000, 0x00000000c2f00000| Untracked 
|  30|0x00000000c3000000, 0x00000000c3000000, 0x00000000c3100000|  0%| F|  |TAMS 0x00000000c3000000, 0x00000000c3000000| Untracked 
|  31|0x00000000c3100000, 0x00000000c3100000, 0x00000000c3200000|  0%| F|  |TAMS 0x00000000c3100000, 0x00000000c3100000| Untracked 
|  32|0x00000000c3200000, 0x00000000c3200000, 0x00000000c3300000|  0%| F|  |TAMS 0x00000000c3200000, 0x00000000c3200000| Untracked 
|  33|0x00000000c3300000, 0x00000000c3300000, 0x00000000c3400000|  0%| F|  |TAMS 0x00000000c3300000, 0x00000000c3300000| Untracked 
|  34|0x00000000c3400000, 0x00000000c3400000, 0x00000000c3500000|  0%| F|  |TAMS 0x00000000c3400000, 0x00000000c3400000| Untracked 
|  35|0x00000000c3500000, 0x00000000c3500000, 0x00000000c3600000|  0%| F|  |TAMS 0x00000000c3500000, 0x00000000c3500000| Untracked 
|  36|0x00000000c3600000, 0x00000000c3600000, 0x00000000c3700000|  0%| F|  |TAMS 0x00000000c3600000, 0x00000000c3600000| Untracked 
|  37|0x00000000c3700000, 0x00000000c3700000, 0x00000000c3800000|  0%| F|  |TAMS 0x00000000c3700000, 0x00000000c3700000| Untracked 
|  38|0x00000000c3800000, 0x00000000c3800000, 0x00000000c3900000|  0%| F|  |TAMS 0x00000000c3800000, 0x00000000c3800000| Untracked 
|  39|0x00000000c3900000, 0x00000000c3900000, 0x00000000c3a00000|  0%| F|  |TAMS 0x00000000c3900000, 0x00000000c3900000| Untracked 
|  40|0x00000000c3a00000, 0x00000000c3a00000, 0x00000000c3b00000|  0%| F|  |TAMS 0x00000000c3a00000, 0x00000000c3a00000| Untracked 
|  41|0x00000000c3b00000, 0x00000000c3b00000, 0x00000000c3c00000|  0%| F|  |TAMS 0x00000000c3b00000, 0x00000000c3b00000| Untracked 
|  42|0x00000000c3c00000, 0x00000000c3c00000, 0x00000000c3d00000|  0%| F|  |TAMS 0x00000000c3c00000, 0x00000000c3c00000| Untracked 
|  43|0x00000000c3d00000, 0x00000000c3d00000, 0x00000000c3e00000|  0%| F|  |TAMS 0x00000000c3d00000, 0x00000000c3d00000| Untracked 
|  44|0x00000000c3e00000, 0x00000000c3e00000, 0x00000000c3f00000|  0%| F|  |TAMS 0x00000000c3e00000, 0x00000000c3e00000| Untracked 
|  45|0x00000000c3f00000, 0x00000000c3f00000, 0x00000000c4000000|  0%| F|  |TAMS 0x00000000c3f00000, 0x00000000c3f00000| Untracked 
|  46|0x00000000c4000000, 0x00000000c4000000, 0x00000000c4100000|  0%| F|  |TAMS 0x00000000c4000000, 0x00000000c4000000| Untracked 
|  47|0x00000000c4100000, 0x00000000c4100000, 0x00000000c4200000|  0%| F|  |TAMS 0x00000000c4100000, 0x00000000c4100000| Untracked 
|  48|0x00000000c4200000, 0x00000000c4200000, 0x00000000c4300000|  0%| F|  |TAMS 0x00000000c4200000, 0x00000000c4200000| Untracked 
|  49|0x00000000c4300000, 0x00000000c4300000, 0x00000000c4400000|  0%| F|  |TAMS 0x00000000c4300000, 0x00000000c4300000| Untracked 
|  50|0x00000000c4400000, 0x00000000c4400000, 0x00000000c4500000|  0%| F|  |TAMS 0x00000000c4400000, 0x00000000c4400000| Untracked 
|  51|0x00000000c4500000, 0x00000000c4500000, 0x00000000c4600000|  0%| F|  |TAMS 0x00000000c4500000, 0x00000000c4500000| Untracked 
|  52|0x00000000c4600000, 0x00000000c46e1d28, 0x00000000c4700000| 88%| E|  |TAMS 0x00000000c4600000, 0x00000000c4600000| Complete 
|  53|0x00000000c4700000, 0x00000000c4800000, 0x00000000c4800000|100%| E|CS|TAMS 0x00000000c4700000, 0x00000000c4700000| Complete 
|  54|0x00000000c4800000, 0x00000000c4900000, 0x00000000c4900000|100%| E|CS|TAMS 0x00000000c4800000, 0x00000000c4800000| Complete 
|  55|0x00000000c4900000, 0x00000000c4a00000, 0x00000000c4a00000|100%| E|CS|TAMS 0x00000000c4900000, 0x00000000c4900000| Complete 
|  56|0x00000000c4a00000, 0x00000000c4b00000, 0x00000000c4b00000|100%| E|CS|TAMS 0x00000000c4a00000, 0x00000000c4a00000| Complete 
|  57|0x00000000c4b00000, 0x00000000c4c00000, 0x00000000c4c00000|100%| E|CS|TAMS 0x00000000c4b00000, 0x00000000c4b00000| Complete 
|  58|0x00000000c4c00000, 0x00000000c4d00000, 0x00000000c4d00000|100%| S|CS|TAMS 0x00000000c4c00000, 0x00000000c4c00000| Complete 
|  59|0x00000000c4d00000, 0x00000000c4e00000, 0x00000000c4e00000|100%| E|CS|TAMS 0x00000000c4d00000, 0x00000000c4d00000| Complete 
|  60|0x00000000c4e00000, 0x00000000c4f00000, 0x00000000c4f00000|100%| E|CS|TAMS 0x00000000c4e00000, 0x00000000c4e00000| Complete 
|  61|0x00000000c4f00000, 0x00000000c5000000, 0x00000000c5000000|100%| E|  |TAMS 0x00000000c4f00000, 0x00000000c4f00000| Complete 
|  62|0x00000000c5000000, 0x00000000c5100000, 0x00000000c5100000|100%| E|CS|TAMS 0x00000000c5000000, 0x00000000c5000000| Complete 
|  63|0x00000000c5100000, 0x00000000c5200000, 0x00000000c5200000|100%| E|CS|TAMS 0x00000000c5100000, 0x00000000c5100000| Complete 

Card table byte_map: [0x0000009230620000,0x0000009230820000] _byte_map_base: 0x0000009230017000

Marking Bits (Prev, Next): (CMBitMap*) 0x0000009218f571b8, (CMBitMap*) 0x0000009218f571f8
 Prev Bits: [0x0000009230a20000, 0x00000092319d8000)
 Next Bits: [0x00000092319e0000, 0x0000009232998000)

Polling page: 0x0000009216a60000

Metaspace:

Usage:
  Non-class:      4.65 MB capacity,     4.35 MB ( 93%) used,   294.91 KB (  6%) free+waste,    16.56 KB ( <1%) overhead. 
      Class:    744.00 KB capacity,   630.38 KB ( 85%) used,   103.30 KB ( 14%) free+waste,    10.31 KB (  1%) overhead. 
       Both:      5.38 MB capacity,     4.96 MB ( 92%) used,   398.21 KB (  7%) free+waste,    26.88 KB ( <1%) overhead. 

Virtual space:
  Non-class space:        8.00 MB reserved,       4.75 MB ( 59%) committed 
      Class space:        1.00 GB reserved,     768.00 KB ( <1%) committed 
             Both:        1.01 GB reserved,       5.50 MB ( <1%) committed 

Chunk freelists:
   Non-Class:  38.00 KB
       Class:  24.00 KB
        Both:  62.00 KB

MaxMetaspaceSize: 17179869184.00 GB
CompressedClassSpaceSize: 1.00 GB

CodeHeap 'non-profiled nmethods': size=238912Kb used=1773Kb max_used=1773Kb free=237139Kb
 bounds [0x0000009221ad0000, 0x0000009221d40000, 0x0000009230420000]
CodeHeap 'non-nmethods': size=6848Kb used=1189Kb max_used=1189Kb free=5658Kb
 bounds [0x0000009221420000, 0x0000009221690000, 0x0000009221ad0000]
 total_blobs=1878 nmethods=1165 adapters=367
 compilation: enabled
              stopped_count=0, restarted_count=0
 full_count=0

Compilation events (20 events):
Event: 5.038 Thread 0x000000923535e800 nmethod 1015 0x0000009221c43a10 code [0x0000009221c43c20, 0x0000009221c44340]
Event: 5.047 Thread 0x000000923535e800 1016       1       java.nio.ByteOrder::nativeOrder (4 bytes)
Event: 5.048 Thread 0x000000923535e800 nmethod 1016 0x0000009221c44590 code [0x0000009221c44720, 0x0000009221c44818]
Event: 5.048 Thread 0x000000923535e800 1017   !   1       java.nio.DirectIntBufferU::get (29 bytes)
Event: 5.049 Thread 0x000000923535e800 nmethod 1017 0x0000009221c44890 code [0x0000009221c44a40, 0x0000009221c44bd8]
Event: 5.049 Thread 0x000000923535e800 1018       1       java.nio.DirectIntBufferU::ix (10 bytes)
Event: 5.049 Thread 0x000000923535e800 nmethod 1018 0x0000009221c44d10 code [0x0000009221c44ea0, 0x0000009221c44ff8]
Event: 5.049 Thread 0x000000923535e800 1019       1       java.nio.ByteBuffer::<init> (45 bytes)
Event: 5.049 Thread 0x000000923535e800 nmethod 1019 0x0000009221c45090 code [0x0000009221c45240, 0x0000009221c45410]
Event: 5.049 Thread 0x000000923535e800 1020       1       java.nio.MappedByteBuffer::<init> (15 bytes)
Event: 5.050 Thread 0x000000923535e800 nmethod 1020 0x0000009221c45490 code [0x0000009221c45640, 0x0000009221c457f0]
Event: 5.050 Thread 0x000000923535e800 1021       1       java.nio.ByteBuffer::<init> (12 bytes)
Event: 5.050 Thread 0x000000923535e800 nmethod 1021 0x0000009221c45890 code [0x0000009221c45a40, 0x0000009221c45bb0]
Event: 5.050 Thread 0x000000923535e800 1022       1       java.nio.MappedByteBuffer::limit (6 bytes)
Event: 5.050 Thread 0x000000923535e800 nmethod 1022 0x0000009221c45c90 code [0x0000009221c45e40, 0x0000009221c45fb0]
Event: 5.050 Thread 0x000000923535e800 1024       1       java.nio.DirectByteBuffer::<init> (53 bytes)
Event: 5.051 Thread 0x000000923535e800 nmethod 1024 0x0000009221c46090 code [0x0000009221c46260, 0x0000009221c46530]
Event: 5.051 Thread 0x000000923535e800 1023       1       java.nio.MappedByteBuffer::position (6 bytes)
Event: 5.051 Thread 0x000000923535e800 nmethod 1023 0x0000009221c46690 code [0x0000009221c46840, 0x0000009221c469b0]
Event: 5.053 Thread 0x000000923535e800 1025       1       java.util.jar.Attributes$Name::hash (148 bytes)

GC Heap History (4 events):
Event: 2.911 GC heap before
{Heap before GC invocations=0 (full 0):
 garbage-first heap   total 65536K, used 15360K [0x00000000c1200000, 0x0000000100000000)
  region size 1024K, 14 young (14336K), 0 survivors (0K)
 Metaspace       used 514K, capacity 4518K, committed 4864K, reserved 1056768K
  class space    used 47K, capacity 399K, committed 512K, reserved 1048576K
}
Event: 2.929 GC heap after
{Heap after GC invocations=1 (full 0):
 garbage-first heap   total 65536K, used 13478K [0x00000000c1200000, 0x0000000100000000)
  region size 1024K, 2 young (2048K), 2 survivors (2048K)
 Metaspace       used 514K, capacity 4518K, committed 4864K, reserved 1056768K
  class space    used 47K, capacity 399K, committed 512K, reserved 1048576K
}
Event: 3.458 GC heap before
{Heap before GC invocations=1 (full 0):
 garbage-first heap   total 65536K, used 17574K [0x00000000c1200000, 0x0000000100000000)
  region size 1024K, 7 young (7168K), 2 survivors (2048K)
 Metaspace       used 515K, capacity 4518K, committed 4864K, reserved 1056768K
  class space    used 47K, capacity 399K, committed 512K, reserved 1048576K
}
Event: 3.470 GC heap after
{Heap after GC invocations=2 (full 0):
 garbage-first heap   total 65536K, used 18562K [0x00000000c1200000, 0x0000000100000000)
  region size 1024K, 1 young (1024K), 1 survivors (1024K)
 Metaspace       used 515K, capacity 4518K, committed 4864K, reserved 1056768K
  class space    used 47K, capacity 399K, committed 512K, reserved 1048576K
}

Deoptimization events (0 events):
No events

Classes unloaded (0 events):
No events

Classes redefined (0 events):
No events

Internal exceptions (8 events):
Event: 4.068 Thread 0x0000009218f27000 Exception <a 'java/lang/NoSuchMethodError'{0x00000000c4fed798}: 'java.lang.Object java.lang.invoke.DirectMethodHandle$Holder.invokeStaticInit(java.lang.Object, java.lang.Object, java.lang.Object)'> (0x00000000c4fed798) 
thrown [t:/workspace/open/src/hotspot/share/interpreter/linkResolver.cpp, line 767]
Event: 4.073 Thread 0x0000009218f27000 Exception <a 'java/lang/NoSuchMethodError'{0x00000000c4e5f878}: 'int java.lang.invoke.DirectMethodHandle$Holder.invokeInterface(java.lang.Object, java.lang.Object)'> (0x00000000c4e5f878) 
thrown [t:/workspace/open/src/hotspot/share/interpreter/linkResolver.cpp, line 767]
Event: 4.073 Thread 0x0000009218f27000 Exception <a 'java/lang/IncompatibleClassChangeError'{0x00000000c4e62380}: Found class java.lang.Object, but interface was expected> (0x00000000c4e62380) 
thrown [t:/workspace/open/src/hotspot/share/interpreter/linkResolver.cpp, line 833]
Event: 4.485 Thread 0x0000009218f27000 Exception <a 'java/lang/NoSuchMethodError'{0x00000000c4b2e1c8}: 'int java.lang.invoke.DirectMethodHandle$Holder.invokeSpecialIFC(java.lang.Object, java.lang.Object, java.lang.Object)'> (0x00000000c4b2e1c8) 
thrown [t:/workspace/open/src/hotspot/share/interpreter/linkResolver.cpp, line 767]
Event: 4.538 Thread 0x0000009218f27000 Exception <a 'java/lang/NoSuchMethodError'{0x00000000c4b947e8}: 'java.lang.Object java.lang.invoke.DirectMethodHandle$Holder.invokeStaticInit(java.lang.Object, int, int, int, int)'> (0x00000000c4b947e8) 
thrown [t:/workspace/open/src/hotspot/share/interpreter/linkResolver.cpp, line 767]
Event: 4.689 Thread 0x0000009218f27000 Exception <a 'java/lang/NoSuchMethodError'{0x00000000c4a5f578}: 'java.lang.Object java.lang.invoke.DirectMethodHandle$Holder.invokeStaticInit(java.lang.Object, java.lang.Object, int, int, int, int)'> (0x00000000c4a5f578) 
thrown [t:/workspace/open/src/hotspot/share/interpreter/linkResolver.cpp, line 767]
Event: 4.725 Thread 0x0000009218f27000 Exception <a 'java/lang/ClassNotFoundException'{0x00000000c4a793a8}: javax/management/remote/rmi/RMIServerImpl_Skel> (0x00000000c4a793a8) 
thrown [t:/workspace/open/src/hotspot/share/classfile/systemDictionary.cpp, line 232]
Event: 4.914 Thread 0x0000009218f27000 Exception <a 'java/lang/ClassNotFoundException'{0x00000000c493bfc0}: jdk/internal/agent/resources/spi/agentProvider> (0x00000000c493bfc0) 
thrown [t:/workspace/open/src/hotspot/share/classfile/systemDictionary.cpp, line 232]

Events (20 events):
Event: 5.039 loading class org/apache/commons/logging/LogAdapter$1
Event: 5.039 loading class org/apache/commons/logging/LogAdapter$1 done
Event: 5.040 loading class org/apache/commons/logging/LogAdapter$Slf4jAdapter
Event: 5.040 loading class org/apache/commons/logging/LogAdapter$Slf4jAdapter done
Event: 5.041 loading class org/slf4j/LoggerFactory
Event: 5.041 loading class org/slf4j/LoggerFactory done
Event: 5.042 loading class org/slf4j/helpers/SubstituteLoggerFactory
Event: 5.042 loading class org/slf4j/helpers/SubstituteLoggerFactory done
Event: 5.043 loading class org/slf4j/ILoggerFactory
Event: 5.043 loading class org/slf4j/ILoggerFactory done
Event: 5.043 loading class java/util/concurrent/LinkedBlockingQueue
Event: 5.044 loading class java/util/concurrent/LinkedBlockingQueue done
Event: 5.044 loading class java/util/concurrent/LinkedBlockingQueue$Node
Event: 5.044 loading class java/util/concurrent/LinkedBlockingQueue$Node done
Event: 5.045 loading class org/slf4j/helpers/NOPLoggerFactory
Event: 5.045 loading class org/slf4j/helpers/NOPLoggerFactory done
Event: 5.045 loading class org/slf4j/helpers/Util
Event: 5.045 loading class org/slf4j/helpers/Util done
Event: 5.052 loading class org/slf4j/impl/StaticLoggerBinder
Event: 5.052 loading class org/slf4j/impl/StaticLoggerBinder done


Dynamic libraries:
0x00007ff689050000 - 0x00007ff68905f000 	C:\Program Files\Java\jdk-13.0.1\bin\javaw.exe
0x00007ffbc96d0000 - 0x00007ffbc9892000 	C:\Windows\SYSTEM32\ntdll.dll
0x00007ffbc8dc0000 - 0x00007ffbc8e6d000 	C:\Windows\system32\KERNEL32.DLL
0x00007ffbc6af0000 - 0x00007ffbc6ccd000 	C:\Windows\system32\KERNELBASE.dll
0x00007ffbb7430000 - 0x00007ffbb7448000 	C:\Program Files\Java\jdk-13.0.1\bin\jli.dll
0x00007ffbb7660000 - 0x00007ffbb7675000 	C:\Program Files\Java\jdk-13.0.1\bin\VCRUNTIME140.dll
0x00007ffbbab90000 - 0x00007ffbbac82000 	C:\Windows\SYSTEM32\ucrtbase.dll
0x00007ffbc8900000 - 0x00007ffbc89a6000 	C:\Windows\system32\ADVAPI32.dll
0x00007ffbc8ed0000 - 0x00007ffbc8f6d000 	C:\Windows\system32\msvcrt.dll
0x00007ffbc8840000 - 0x00007ffbc889b000 	C:\Windows\system32\sechost.dll
0x00007ffbc7080000 - 0x00007ffbc71a6000 	C:\Windows\system32\RPCRT4.dll
0x00007ffbc6da0000 - 0x00007ffbc6eee000 	C:\Windows\system32\USER32.dll
0x00007ffbc8a80000 - 0x00007ffbc8c03000 	C:\Windows\system32\GDI32.dll
0x00007ffbbcd30000 - 0x00007ffbbcfa4000 	C:\Windows\WinSxS\amd64_microsoft.windows.common-controls_6595b64144ccf1df_6.0.10240.17184_none_f41d7a705752bce6\COMCTL32.dll
0x00007ffbbebe0000 - 0x00007ffbbebea000 	C:\Windows\SYSTEM32\VERSION.dll
0x00007ffbc7040000 - 0x00007ffbc7076000 	C:\Windows\system32\IMM32.DLL
0x00007ffbc86e0000 - 0x00007ffbc883c000 	C:\Windows\system32\MSCTF.dll
0x00007ffbaf5b0000 - 0x00007ffbaf64b000 	C:\Program Files\Java\jdk-13.0.1\bin\msvcp140.dll
0x00007ffb9aa10000 - 0x00007ffb9b576000 	C:\Program Files\Java\jdk-13.0.1\bin\server\jvm.dll
0x00007ffbc6d90000 - 0x00007ffbc6d98000 	C:\Windows\system32\PSAPI.DLL
0x00007ffbc4760000 - 0x00007ffbc4783000 	C:\Windows\SYSTEM32\WINMM.dll
0x00007ffbc3cc0000 - 0x00007ffbc3cc9000 	C:\Windows\SYSTEM32\WSOCK32.dll
0x00007ffbc91a0000 - 0x00007ffbc9209000 	C:\Windows\system32\WS2_32.dll
0x00007ffbc31d0000 - 0x00007ffbc31fc000 	C:\Windows\SYSTEM32\WINMMBASE.dll
0x00007ffbc9280000 - 0x00007ffbc9288000 	C:\Windows\system32\NSI.dll
0x00007ffbc69f0000 - 0x00007ffbc6a34000 	C:\Windows\system32\cfgmgr32.dll
0x00007ffbc4a90000 - 0x00007ffbc4ab7000 	C:\Windows\SYSTEM32\DEVOBJ.dll
0x00007ffbc6130000 - 0x00007ffbc613f000 	C:\Windows\system32\kernel.appcore.dll
0x00007ffbc0860000 - 0x00007ffbc0870000 	C:\Program Files\Java\jdk-13.0.1\bin\verify.dll
0x00007ffbc3350000 - 0x00007ffbc34da000 	C:\Windows\SYSTEM32\DBGHELP.DLL
0x00007ffbbebb0000 - 0x00007ffbbebd5000 	C:\Windows\SYSTEM32\dbgcore.DLL
0x00007ffbab4b0000 - 0x00007ffbab4d6000 	C:\Program Files\Java\jdk-13.0.1\bin\java.dll
0x00007ffbb1ee0000 - 0x00007ffbb1ef7000 	C:\Program Files\Java\jdk-13.0.1\bin\zip.dll
0x00007ffbbc070000 - 0x00007ffbbc07a000 	C:\Program Files\Java\jdk-13.0.1\bin\jimage.dll
0x00007ffbc71b0000 - 0x00007ffbc86d3000 	C:\Windows\system32\SHELL32.dll
0x00007ffbc6190000 - 0x00007ffbc67b9000 	C:\Windows\system32\windows.storage.dll
0x00007ffbc9450000 - 0x00007ffbc96cc000 	C:\Windows\system32\combase.dll
0x00007ffbc88a0000 - 0x00007ffbc88f1000 	C:\Windows\system32\shlwapi.dll
0x00007ffbc6cd0000 - 0x00007ffbc6d83000 	C:\Windows\system32\shcore.dll
0x00007ffbc6140000 - 0x00007ffbc618a000 	C:\Windows\system32\powrprof.dll
0x00007ffbc60f0000 - 0x00007ffbc6103000 	C:\Windows\system32\profapi.dll
0x00007ffbb2130000 - 0x00007ffbb2149000 	C:\Program Files\Java\jdk-13.0.1\bin\net.dll
0x00007ffbbe410000 - 0x00007ffbbe4e6000 	C:\Windows\SYSTEM32\WINHTTP.dll
0x00007ffbc5950000 - 0x00007ffbc59ad000 	C:\Windows\system32\mswsock.dll
0x00007ffbb2110000 - 0x00007ffbb2123000 	C:\Program Files\Java\jdk-13.0.1\bin\nio.dll
0x00007ffbb5930000 - 0x00007ffbb5939000 	C:\Program Files\Java\jdk-13.0.1\bin\management.dll
0x00007ffbb5140000 - 0x00007ffbb514b000 	C:\Program Files\Java\jdk-13.0.1\bin\management_ext.dll
0x00007ffbb7b50000 - 0x00007ffbb7b65000 	C:\Windows\system32\napinsp.dll
0x00007ffbb7b30000 - 0x00007ffbb7b4a000 	C:\Windows\system32\pnrpnsp.dll
0x00007ffbc4000000 - 0x00007ffbc4018000 	C:\Windows\system32\NLAapi.dll
0x00007ffbc5710000 - 0x00007ffbc57b8000 	C:\Windows\SYSTEM32\DNSAPI.dll
0x00007ffbb7d20000 - 0x00007ffbb7d2d000 	C:\Windows\System32\winrnr.dll
0x00007ffbb7b70000 - 0x00007ffbb7b85000 	C:\Windows\system32\wshbth.dll
0x00007ffbbc3f0000 - 0x00007ffbbc3fa000 	C:\Windows\System32\rasadhlp.dll
0x00007ffbbd9e0000 - 0x00007ffbbda18000 	C:\Windows\SYSTEM32\IPHLPAPI.DLL
0x00007ffbbe380000 - 0x00007ffbbe38b000 	C:\Windows\SYSTEM32\WINNSI.DLL
0x00007ffbbd1e0000 - 0x00007ffbbd248000 	C:\Windows\System32\fwpuclnt.dll
0x00007ffbc5c30000 - 0x00007ffbc5c58000 	C:\Windows\SYSTEM32\bcrypt.dll
0x00007ffbc59b0000 - 0x00007ffbc59c7000 	C:\Windows\SYSTEM32\CRYPTSP.dll
0x00007ffbc5600000 - 0x00007ffbc5633000 	C:\Windows\system32\rsaenh.dll
0x00007ffbc56f0000 - 0x00007ffbc570f000 	C:\Windows\SYSTEM32\USERENV.dll
0x00007ffbc5f40000 - 0x00007ffbc5fab000 	C:\Windows\system32\bcryptprimitives.dll
0x00007ffbc5b30000 - 0x00007ffbc5b3b000 	C:\Windows\SYSTEM32\CRYPTBASE.dll
0x00007ffbbd1b0000 - 0x00007ffbbd1c6000 	C:\Windows\SYSTEM32\dhcpcsvc6.DLL
0x00007ffbbd640000 - 0x00007ffbbd65a000 	C:\Windows\SYSTEM32\dhcpcsvc.DLL

dbghelp: loaded successfully - version: 4.0.5 - missing functions: none
symbol engine: initialized successfully - sym options: 0x614 - pdb path: .;C:\Program Files\Java\jdk-13.0.1\bin;C:\Windows\SYSTEM32;C:\Windows\WinSxS\amd64_microsoft.windows.common-controls_6595b64144ccf1df_6.0.10240.17184_none_f41d7a705752bce6;C:\Program Files\Java\jdk-13.0.1\bin\server

VM Arguments:
jvm_args: -Dcom.sun.management.jmxremote -Dcom.sun.management.jmxremote.port=60799 -Dcom.sun.management.jmxremote.authenticate=false -Dcom.sun.management.jmxremote.ssl=false -Djava.rmi.server.hostname=localhost -Dspring.jmx.enabled=true -Dspring.application.admin.enabled=true -Xverify:none -XX:TieredStopAtLevel=1 -Dspring.boot.project.name=BookstoreApi-s -Dfile.encoding=UTF-8 
java_command: com.bridgelabz.bookstore.BookStoreApplication --spring.output.ansi.enabled=always
java_class_path (initial): E:\TeamTask\BookstoreApi-s\target\classes;C:\Users\Hello\.m2\repository\org\springframework\boot\spring-boot-starter-web\2.2.6.RELEASE\spring-boot-starter-web-2.2.6.RELEASE.jar;C:\Users\Hello\.m2\repository\org\springframework\boot\spring-boot-starter\2.2.6.RELEASE\spring-boot-starter-2.2.6.RELEASE.jar;C:\Users\Hello\.m2\repository\org\springframework\boot\spring-boot\2.2.6.RELEASE\spring-boot-2.2.6.RELEASE.jar;C:\Users\Hello\.m2\repository\org\springframework\boot\spring-boot-autoconfigure\2.2.6.RELEASE\spring-boot-autoconfigure-2.2.6.RELEASE.jar;C:\Users\Hello\.m2\repository\org\springframework\boot\spring-boot-starter-logging\2.2.6.RELEASE\spring-boot-starter-logging-2.2.6.RELEASE.jar;C:\Users\Hello\.m2\repository\ch\qos\logback\logback-classic\1.2.3\logback-classic-1.2.3.jar;C:\Users\Hello\.m2\repository\ch\qos\logback\logback-core\1.2.3\logback-core-1.2.3.jar;C:\Users\Hello\.m2\repository\org\apache\logging\log4j\log4j-to-slf4j\2.12.1\log4j-to-slf4j-2.12.1.jar;C:\Users\Hello\.m2\repository\org\slf4j\jul-to-slf4j\1.7.30\jul-to-slf4j-1.7.30.jar;C:\Users\Hello\.m2\repository\jakarta\annotation\jakarta.annotation-api\1.3.5\jakarta.annotation-api-1.3.5.jar;C:\Users\Hello\.m2\repository\org\yaml\snakeyaml\1.25\snakeyaml-1.25.jar;C:\Users\Hello\.m2\repository\org\springframework\boot\spring-boot-starter-json\2.2.6.RELEASE\spring-boot-starter-json-2.2.6.RELEASE.jar;C:\Users\Hello\.m2\repository\com\fasterxml\jackson\datatype\jackson-datatype-jdk8\2.10.3\jackson-datatype-jdk8-2.10.3.jar;C:\Users\Hello\.m2\repository\com\fasterxml\jackson\datatype\jackson-datatype-jsr310\2.10.3\jackson-datatype-jsr310-2.10.3.jar;C:\Users\Hello\.m2\repository\com\fasterxml\jackson\module\jackson-module-parameter-names\2.10.3\jackson-module-parameter-names-2.10.3.jar;C:\Users\Hello\.m2\repository\org\springframework\boot\spring-boot-starter-tomcat\2.2.6.RELEASE\spring-boot-starter-tomcat-2.2.6.RELEASE.jar;C:\Users\Hello\.m2\repository\org\apache\tomcat\embed\to
Launcher Type: SUN_STANDARD

[Global flags]
     intx CICompilerCount                          = 3                                         {product} {ergonomic}
     uint ConcGCThreads                            = 1                                         {product} {ergonomic}
     uint G1ConcRefinementThreads                  = 4                                         {product} {ergonomic}
   size_t G1HeapRegionSize                         = 1048576                                   {product} {ergonomic}
    uintx GCDrainStackTargetSize                   = 64                                        {product} {ergonomic}
   size_t InitialHeapSize                          = 67108864                                  {product} {ergonomic}
     bool ManagementServer                         = true                                      {product} {command line}
   size_t MarkStackSize                            = 4194304                                   {product} {ergonomic}
   size_t MaxHeapSize                              = 1054867456                                {product} {ergonomic}
   size_t MaxNewSize                               = 632291328                                 {product} {ergonomic}
   size_t MinHeapDeltaBytes                        = 1048576                                   {product} {ergonomic}
   size_t MinHeapSize                              = 8388608                                   {product} {ergonomic}
    uintx NonNMethodCodeHeapSize                   = 6973028                                {pd product} {ergonomic}
    uintx NonProfiledCodeHeapSize                  = 244685212                              {pd product} {ergonomic}
    uintx ProfiledCodeHeapSize                     = 0                                      {pd product} {ergonomic}
    uintx ReservedCodeCacheSize                    = 251658240                              {pd product} {ergonomic}
     bool SegmentedCodeCache                       = true                                      {product} {ergonomic}
   size_t SoftMaxHeapSize                          = 1054867456                             {manageable} {ergonomic}
     intx TieredStopAtLevel                        = 1                                         {product} {command line}
     bool UseCompressedClassPointers               = true                                 {lp64_product} {ergonomic}
     bool UseCompressedOops                        = true                                 {lp64_product} {ergonomic}
     bool UseG1GC                                  = true                                      {product} {ergonomic}
     bool UseLargePagesIndividualAllocation        = false                                  {pd product} {ergonomic}

Logging:
Log output configuration:
 #0: stdout all=warning uptime,level,tags
 #1: stderr all=off uptime,level,tags

Environment Variables:
JRE_HOME=C:\Program Files\Java\jre1.8.0_131\bin;
CLASSPATH=C:\Program Files\Java\jdk1.8.0_74\lib;C:\Program Files\Apache Software Foundation\Tomcat 6.0\lib\servlet-api.jar;
PATH=C:/Program Files/Java/jdk-13.0.1/bin/server;C:/Program Files/Java/jdk-13.0.1/bin;C:\PROGRA~2\RATIONAL\RATION~1\NUTCROOT\bin;C:\PROGRA~2\RATIONAL\RATION~1\NUTCROOT\bin\x11;C:\PROGRA~2\RATIONAL\RATION~1\NUTCROOT\mksnt;C:\Program Files\Java\jdk-13.0.1\bin;C:\Program Files\Git\cmd;C:\Program Files (x86)\Rational\common;C:\Program Files (x86)\Rational\ClearQuest;C:\Program Files (x86)\Rational\Rose\TopLink\;C:\Program Files (x86)\Rational\Rational Test;C:\Program Files\nodejs\;C:\Program Files\Microsoft SQL Server\120\Tools\Binn\;C:\Program Files\Microsoft SQL Server\Client SDK\ODBC\110\Tools\Binn\;C:\Program Files (x86)\Microsoft SQL Server\120\Tools\Binn\;C:\Program Files\Microsoft SQL Server\120\DTS\Binn\;C:\Program Files (x86)\Microsoft SQL Server\120\Tools\Binn\ManagementStudio\;C:\Program Files (x86)\Microsoft SQL Server\120\DTS\Binn\;C:\Users\Hello\AppData\Local\Programs\Microsoft VS Code\bin;C:\Users\Hello\AppData\Roaming\npm;C:\Program Files\JetBrains\IntelliJ IDEA Community Edition 2020.1\bin;;C:\Users\Hello\Desktop\sts-4.6.1.RELEASE;
USERNAME=Hello
SHELL=C:\PROGRA~2\RATIONAL\RATION~1\NUTCROOT\mksnt\sh.exe
DISPLAY=:0.0
OS=Windows_NT
PROCESSOR_IDENTIFIER=Intel64 Family 6 Model 61 Stepping 4, GenuineIntel



---------------  S Y S T E M  ---------------

OS: Windows 10 , 64 bit Build 10240 (10.0.10240.17113)

CPU:total 4 (initial active 4) (2 cores per cpu, 2 threads per core) family 6 model 61 stepping 4, cmov, cx8, fxsr, mmx, sse, sse2, sse3, ssse3, sse4.1, sse4.2, popcnt, avx, avx2, aes, clmul, erms, 3dnowpref, lzcnt, ht, tsc, tscinvbit, bmi1, bmi2, adx, fma

Memory: 4k page, system-wide physical 4016M (818M free)
TotalPageFile size 10585M (AvailPageFile size 5632M)
current process WorkingSet (physical memory assigned to process): 78M, peak: 78M
current process commit charge ("private bytes"): 154M, peak: 154M

vm_info: Java HotSpot(TM) 64-Bit Server VM (13.0.1+9) for windows-amd64 JRE (13.0.1+9), built on Oct  6 2019 12:37:49 by "mach5one" with unknown MS VC++:1916

END.
